<?xml version="1.0" encoding="UTF-8"?>
<!-- Generated by org.testng.reporters.JUnitXMLReporter -->
<testsuite hostname="DESKTOP-G59H6AO" name="Kolhapur Automation" tests="3" failures="0" timestamp="10 Dec 2021 14:30:34 GMT" time="33.844" errors="0">
  <testcase name="verify_directory_link_test" time="1.652" classname="com.kolhapur.testcases.HomePageTest"/>
  <testcase name="verify_publicutilities_link_test" time="2.032" classname="com.kolhapur.testcases.HomePageTest"/>
  <testcase name="verify_howtosearch_link_test" time="2.726" classname="com.kolhapur.testcases.HomePageTest"/>
</testsuite> <!-- Kolhapur Automation -->
