<?xml version="1.0" encoding="UTF-8"?>
<!-- Generated by org.testng.reporters.JUnitXMLReporter -->
<testsuite hostname="DESKTOP-G59H6AO" name="Default test" tests="3" failures="0" timestamp="10 Dec 2021 12:06:39 GMT" time="23.278" errors="0">
  <testcase name="verify_directory_link_test" time="1.42" classname="com.kolhapue.testcases.HomePageTest"/>
  <testcase name="verify_publicutilities_link_test" time="1.458" classname="com.kolhapue.testcases.HomePageTest"/>
  <testcase name="verify_howtosearch_link_test" time="1.756" classname="com.kolhapue.testcases.HomePageTest"/>
</testsuite> <!-- Default test -->
