<?xml version="1.0" encoding="UTF-8"?>
<!-- Generated by org.testng.reporters.JUnitXMLReporter -->
<testsuite hostname="DESKTOP-G59H6AO" name="Default test" tests="2" failures="0" timestamp="15 Dec 2021 07:09:30 GMT" time="22.817" errors="0">
  <testcase name="verify_directory_link_test" time="2.601" classname="com.kolhapur.testcases.HomePageTest"/>
  <testcase name="verify_public_utilities_link_test" time="1.617" classname="com.kolhapur.testcases.HomePageTest"/>
</testsuite> <!-- Default test -->
