<?xml version="1.0" encoding="UTF-8"?>
<!-- Generated by org.testng.reporters.JUnitXMLReporter -->
<testsuite hostname="DESKTOP-G59H6AO" name="Kolhapur Automation" tests="5" failures="0" timestamp="3 Jan 2022 11:01:20 GMT" time="201.47" errors="0">
  <testcase name="verify_newupdate_test" time="0.096" classname="com.kolhapur.testcases.HomePageTest"/>
  <testcase name="place_to_interest_test" time="6.796" classname="com.kolhapur.testcases.HomePageTest"/>
  <testcase name="passdata_test" time="17.14" classname="com.kolhapur.testcases.FeedBackPageTest"/>
  <testcase name="passdata_test" time="11.767" classname="com.kolhapur.testcases.FeedBackPageTest"/>
  <testcase name="passdata_test" time="10.59" classname="com.kolhapur.testcases.FeedBackPageTest"/>
</testsuite> <!-- Kolhapur Automation -->
