<?xml version="1.0" encoding="UTF-8"?>
<!-- Generated by org.testng.reporters.JUnitXMLReporter -->
<testsuite hostname="DESKTOP-G59H6AO" name="Kolhapur Automation" tests="8" failures="0" timestamp="11 Dec 2021 05:18:23 GMT" time="422.247" errors="0">
  <testcase name="verify_directory_link_test" time="5.505" classname="com.kolhapur.testcases.HomePageTest"/>
  <testcase name="verify_public_utilities_link_test" time="1.823" classname="com.kolhapur.testcases.HomePageTest"/>
  <testcase name="verify_howtosearch_link_test" time="2.967" classname="com.kolhapur.testcases.HomePageTest"/>
  <testcase name="verify_feedback_link_test" time="10.277" classname="com.kolhapur.testcases.HomePageTest"/>
  <testcase name="verify_digital_india_logo_test" time="0.058" classname="com.kolhapur.testcases.HomePageTest"/>
  <testcase name="passdata_test" time="29.244" classname="com.kolhapur.testcases.FeedBackPageTest"/>
  <testcase name="passdata_test" time="51.152" classname="com.kolhapur.testcases.FeedBackPageTest"/>
  <testcase name="passdata_test" time="9.079" classname="com.kolhapur.testcases.FeedBackPageTest"/>
</testsuite> <!-- Kolhapur Automation -->
