<?xml version="1.0" encoding="UTF-8"?>
<testsuite xmlns:xsi="http://www.w3.org/2001/XMLSchema-instance" xsi:noNamespaceSchemaLocation="https://maven.apache.org/surefire/maven-surefire-plugin/xsd/surefire-test-report-3.0.xsd" version="3.0" name="TestSuite" time="202.347" tests="5" errors="0" skipped="0" failures="0">
  <properties>
[...]
</properties>
  <testcase name="verify_newupdate_test" classname="com.kolhapur.testcases.HomePageTest" time="0.124">
    <system-out><![CDATA[01-03-2022 16:28:01 RequestAddCookies.java DEBUG [Forwarding newSession on session null to remote] protocol.RequestAddCookies 123 - CookieSpec selected: default
01-03-2022 16:28:01 RequestAuthCache.java DEBUG [Forwarding newSession on session null to remote] protocol.RequestAuthCache 77 - Auth cache not set in the context
01-03-2022 16:28:01 PoolingHttpClientConnectionManager.java DEBUG [Forwarding newSession on session null to remote] conn.PoolingHttpClientConnectionManager 255 - Connection request: [route: {}->http://localhost:40046][total kept alive: 0; route allocated: 0 of 2000; total allocated: 0 of 2000]
01-03-2022 16:28:02 PoolingHttpClientConnectionManager.java DEBUG [Forwarding newSession on session null to remote] conn.PoolingHttpClientConnectionManager 288 - Connection leased: [id: 0][route: {}->http://localhost:40046][total kept alive: 0; route allocated: 1 of 2000; total allocated: 1 of 2000]
01-03-2022 16:28:02 MainClientExec.java DEBUG [Forwarding newSession on session null to remote] execchain.MainClientExec 235 - Opening connection {}->http://localhost:40046
01-03-2022 16:28:02 DefaultHttpClientConnectionOperator.java DEBUG [Forwarding newSession on session null to remote] conn.DefaultHttpClientConnectionOperator 139 - Connecting to localhost/127.0.0.1:40046
01-03-2022 16:28:02 DefaultHttpClientConnectionOperator.java DEBUG [Forwarding newSession on session null to remote] conn.DefaultHttpClientConnectionOperator 146 - Connection established 127.0.0.1:54043<->127.0.0.1:40046
01-03-2022 16:28:02 LoggingManagedHttpClientConnection.java DEBUG [Forwarding newSession on session null to remote] conn.DefaultManagedHttpClientConnection 88 - http-outgoing-0: set socket timeout to 10800000
01-03-2022 16:28:02 MainClientExec.java DEBUG [Forwarding newSession on session null to remote] execchain.MainClientExec 256 - Executing request POST /session HTTP/1.1
01-03-2022 16:28:02 MainClientExec.java DEBUG [Forwarding newSession on session null to remote] execchain.MainClientExec 261 - Target auth state: UNCHALLENGED
01-03-2022 16:28:02 MainClientExec.java DEBUG [Forwarding newSession on session null to remote] execchain.MainClientExec 267 - Proxy auth state: UNCHALLENGED
01-03-2022 16:28:02 LoggingManagedHttpClientConnection.java DEBUG [Forwarding newSession on session null to remote] http.headers 133 - http-outgoing-0 >> POST /session HTTP/1.1
01-03-2022 16:28:02 LoggingManagedHttpClientConnection.java DEBUG [Forwarding newSession on session null to remote] http.headers 136 - http-outgoing-0 >> Content-Type: application/json; charset=utf-8
01-03-2022 16:28:02 LoggingManagedHttpClientConnection.java DEBUG [Forwarding newSession on session null to remote] http.headers 136 - http-outgoing-0 >> Content-Length: 335
01-03-2022 16:28:02 LoggingManagedHttpClientConnection.java DEBUG [Forwarding newSession on session null to remote] http.headers 136 - http-outgoing-0 >> Host: localhost:40046
01-03-2022 16:28:02 LoggingManagedHttpClientConnection.java DEBUG [Forwarding newSession on session null to remote] http.headers 136 - http-outgoing-0 >> Connection: Keep-Alive
01-03-2022 16:28:02 LoggingManagedHttpClientConnection.java DEBUG [Forwarding newSession on session null to remote] http.headers 136 - http-outgoing-0 >> User-Agent: Apache-HttpClient/4.5.3 (Java/1.8.0_202)
01-03-2022 16:28:02 LoggingManagedHttpClientConnection.java DEBUG [Forwarding newSession on session null to remote] http.headers 136 - http-outgoing-0 >> Accept-Encoding: gzip,deflate
01-03-2022 16:28:02 Wire.java DEBUG [Forwarding newSession on session null to remote] http.wire 73 - http-outgoing-0 >> "POST /session HTTP/1.1[\r][\n]"
01-03-2022 16:28:02 Wire.java DEBUG [Forwarding newSession on session null to remote] http.wire 73 - http-outgoing-0 >> "Content-Type: application/json; charset=utf-8[\r][\n]"
01-03-2022 16:28:02 Wire.java DEBUG [Forwarding newSession on session null to remote] http.wire 73 - http-outgoing-0 >> "Content-Length: 335[\r][\n]"
01-03-2022 16:28:02 Wire.java DEBUG [Forwarding newSession on session null to remote] http.wire 73 - http-outgoing-0 >> "Host: localhost:40046[\r][\n]"
01-03-2022 16:28:02 Wire.java DEBUG [Forwarding newSession on session null to remote] http.wire 73 - http-outgoing-0 >> "Connection: Keep-Alive[\r][\n]"
01-03-2022 16:28:02 Wire.java DEBUG [Forwarding newSession on session null to remote] http.wire 73 - http-outgoing-0 >> "User-Agent: Apache-HttpClient/4.5.3 (Java/1.8.0_202)[\r][\n]"
01-03-2022 16:28:02 Wire.java DEBUG [Forwarding newSession on session null to remote] http.wire 73 - http-outgoing-0 >> "Accept-Encoding: gzip,deflate[\r][\n]"
01-03-2022 16:28:02 Wire.java DEBUG [Forwarding newSession on session null to remote] http.wire 73 - http-outgoing-0 >> "[\r][\n]"
01-03-2022 16:28:02 Wire.java DEBUG [Forwarding newSession on session null to remote] http.wire 73 - http-outgoing-0 >> "{[\n]"
01-03-2022 16:28:02 Wire.java DEBUG [Forwarding newSession on session null to remote] http.wire 73 - http-outgoing-0 >> "  "desiredCapabilities": {"browserName":"chrome","goog:chromeOptions":{"args":[],"extensions":[]}},[\n]"
01-03-2022 16:28:02 Wire.java DEBUG [Forwarding newSession on session null to remote] http.wire 73 - http-outgoing-0 >> "  "capabilities": {[\n]"
01-03-2022 16:28:02 Wire.java DEBUG [Forwarding newSession on session null to remote] http.wire 73 - http-outgoing-0 >> "    "desiredCapabilities": {"browserName":"chrome","goog:chromeOptions":{"args":[],"extensions":[]}},[\n]"
01-03-2022 16:28:02 Wire.java DEBUG [Forwarding newSession on session null to remote] http.wire 73 - http-outgoing-0 >> "    "firstMatch": [[\n]"
01-03-2022 16:28:02 Wire.java DEBUG [Forwarding newSession on session null to remote] http.wire 73 - http-outgoing-0 >> "      {"browserName":"chrome","goog:chromeOptions":{"args":[],"extensions":[]}}[\n]"
01-03-2022 16:28:02 Wire.java DEBUG [Forwarding newSession on session null to remote] http.wire 73 - http-outgoing-0 >> "    ][\n]"
01-03-2022 16:28:02 Wire.java DEBUG [Forwarding newSession on session null to remote] http.wire 73 - http-outgoing-0 >> "  }[\n]"
01-03-2022 16:28:02 Wire.java DEBUG [Forwarding newSession on session null to remote] http.wire 87 - http-outgoing-0 >> "}"
01-03-2022 16:28:02 Wire.java DEBUG [Forwarding newSession on session null to remote] http.wire 73 - http-outgoing-0 << "HTTP/1.1 200 OK[\r][\n]"
01-03-2022 16:28:02 Wire.java DEBUG [Forwarding newSession on session null to remote] http.wire 73 - http-outgoing-0 << "Content-Length:786[\r][\n]"
01-03-2022 16:28:02 Wire.java DEBUG [Forwarding newSession on session null to remote] http.wire 73 - http-outgoing-0 << "Content-Type:application/json; charset=utf-8[\r][\n]"
01-03-2022 16:28:02 Wire.java DEBUG [Forwarding newSession on session null to remote] http.wire 73 - http-outgoing-0 << "cache-control:no-cache[\r][\n]"
01-03-2022 16:28:02 Wire.java DEBUG [Forwarding newSession on session null to remote] http.wire 73 - http-outgoing-0 << "[\r][\n]"
01-03-2022 16:28:02 Wire.java DEBUG [Forwarding newSession on session null to remote] http.wire 87 - http-outgoing-0 << "{"value":{"capabilities":{"acceptInsecureCerts":false,"browserName":"chrome","browserVersion":"96.0.4664.110","chrome":{"chromedriverVersion":"96.0.4664.45 (76e4c1bb2ab4671b8beba3444e61c0f17584b2fc-refs/branch-heads/4664@{#947})","userDataDir":"C:\\Users\\adm\\AppData\\Local\\Temp\\scoped_dir8684_2111027501"},"goog:chromeOptions":{"debuggerAddress":"localhost:54044"},"networkConnectionEnabled":false,"pageLoadStrategy":"normal","platformName":"windows","proxy":{},"setWindowRect":true,"strictFileInteractability":false,"timeouts":{"implicit":0,"pageLoad":300000,"script":30000},"unhandledPromptBehavior":"dismiss and notify","webauthn:extension:credBlob":true,"webauthn:extension:largeBlob":true,"webauthn:virtualAuthenticators":true},"sessionId":"f300633830c87b8f6f8bcb6913b46af6"}}"
01-03-2022 16:28:02 LoggingManagedHttpClientConnection.java DEBUG [Forwarding newSession on session null to remote] http.headers 122 - http-outgoing-0 << HTTP/1.1 200 OK
01-03-2022 16:28:02 LoggingManagedHttpClientConnection.java DEBUG [Forwarding newSession on session null to remote] http.headers 125 - http-outgoing-0 << Content-Length:786
01-03-2022 16:28:02 LoggingManagedHttpClientConnection.java DEBUG [Forwarding newSession on session null to remote] http.headers 125 - http-outgoing-0 << Content-Type:application/json; charset=utf-8
01-03-2022 16:28:02 LoggingManagedHttpClientConnection.java DEBUG [Forwarding newSession on session null to remote] http.headers 125 - http-outgoing-0 << cache-control:no-cache
01-03-2022 16:28:02 MainClientExec.java DEBUG [Forwarding newSession on session null to remote] execchain.MainClientExec 285 - Connection can be kept alive indefinitely
01-03-2022 16:28:02 PoolingHttpClientConnectionManager.java DEBUG [Forwarding newSession on session null to remote] conn.PoolingHttpClientConnectionManager 320 - Connection [id: 0][route: {}->http://localhost:40046] can be kept alive indefinitely
01-03-2022 16:28:02 PoolingHttpClientConnectionManager.java DEBUG [Forwarding newSession on session null to remote] conn.PoolingHttpClientConnectionManager 326 - Connection released: [id: 0][route: {}->http://localhost:40046][total kept alive: 1; route allocated: 1 of 2000; total allocated: 1 of 2000]
01-03-2022 16:28:02 RequestAddCookies.java DEBUG [Forwarding deleteAllCookies on session f300633830c87b8f6f8bcb6913b46af6 to remote] protocol.RequestAddCookies 123 - CookieSpec selected: default
01-03-2022 16:28:02 RequestAuthCache.java DEBUG [Forwarding deleteAllCookies on session f300633830c87b8f6f8bcb6913b46af6 to remote] protocol.RequestAuthCache 77 - Auth cache not set in the context
01-03-2022 16:28:02 PoolingHttpClientConnectionManager.java DEBUG [Forwarding deleteAllCookies on session f300633830c87b8f6f8bcb6913b46af6 to remote] conn.PoolingHttpClientConnectionManager 255 - Connection request: [route: {}->http://localhost:40046][total kept alive: 1; route allocated: 1 of 2000; total allocated: 1 of 2000]
01-03-2022 16:28:02 PoolingHttpClientConnectionManager.java DEBUG [Forwarding deleteAllCookies on session f300633830c87b8f6f8bcb6913b46af6 to remote] conn.PoolingHttpClientConnectionManager 288 - Connection leased: [id: 0][route: {}->http://localhost:40046][total kept alive: 0; route allocated: 1 of 2000; total allocated: 1 of 2000]
01-03-2022 16:28:02 MainClientExec.java DEBUG [Forwarding deleteAllCookies on session f300633830c87b8f6f8bcb6913b46af6 to remote] execchain.MainClientExec 208 - Stale connection check
01-03-2022 16:28:02 Wire.java DEBUG [Forwarding deleteAllCookies on session f300633830c87b8f6f8bcb6913b46af6 to remote] http.wire 87 - http-outgoing-0 << "[read] I/O error: Read timed out"
01-03-2022 16:28:02 LoggingManagedHttpClientConnection.java DEBUG [Forwarding deleteAllCookies on session f300633830c87b8f6f8bcb6913b46af6 to remote] conn.DefaultManagedHttpClientConnection 88 - http-outgoing-0: set socket timeout to 10800000
01-03-2022 16:28:02 MainClientExec.java DEBUG [Forwarding deleteAllCookies on session f300633830c87b8f6f8bcb6913b46af6 to remote] execchain.MainClientExec 256 - Executing request DELETE /session/f300633830c87b8f6f8bcb6913b46af6/cookie HTTP/1.1
01-03-2022 16:28:02 MainClientExec.java DEBUG [Forwarding deleteAllCookies on session f300633830c87b8f6f8bcb6913b46af6 to remote] execchain.MainClientExec 261 - Target auth state: UNCHALLENGED
01-03-2022 16:28:02 MainClientExec.java DEBUG [Forwarding deleteAllCookies on session f300633830c87b8f6f8bcb6913b46af6 to remote] execchain.MainClientExec 267 - Proxy auth state: UNCHALLENGED
01-03-2022 16:28:02 LoggingManagedHttpClientConnection.java DEBUG [Forwarding deleteAllCookies on session f300633830c87b8f6f8bcb6913b46af6 to remote] http.headers 133 - http-outgoing-0 >> DELETE /session/f300633830c87b8f6f8bcb6913b46af6/cookie HTTP/1.1
01-03-2022 16:28:02 LoggingManagedHttpClientConnection.java DEBUG [Forwarding deleteAllCookies on session f300633830c87b8f6f8bcb6913b46af6 to remote] http.headers 136 - http-outgoing-0 >> Host: localhost:40046
01-03-2022 16:28:02 LoggingManagedHttpClientConnection.java DEBUG [Forwarding deleteAllCookies on session f300633830c87b8f6f8bcb6913b46af6 to remote] http.headers 136 - http-outgoing-0 >> Connection: Keep-Alive
01-03-2022 16:28:02 LoggingManagedHttpClientConnection.java DEBUG [Forwarding deleteAllCookies on session f300633830c87b8f6f8bcb6913b46af6 to remote] http.headers 136 - http-outgoing-0 >> User-Agent: Apache-HttpClient/4.5.3 (Java/1.8.0_202)
01-03-2022 16:28:02 LoggingManagedHttpClientConnection.java DEBUG [Forwarding deleteAllCookies on session f300633830c87b8f6f8bcb6913b46af6 to remote] http.headers 136 - http-outgoing-0 >> Accept-Encoding: gzip,deflate
01-03-2022 16:28:02 Wire.java DEBUG [Forwarding deleteAllCookies on session f300633830c87b8f6f8bcb6913b46af6 to remote] http.wire 73 - http-outgoing-0 >> "DELETE /session/f300633830c87b8f6f8bcb6913b46af6/cookie HTTP/1.1[\r][\n]"
01-03-2022 16:28:02 Wire.java DEBUG [Forwarding deleteAllCookies on session f300633830c87b8f6f8bcb6913b46af6 to remote] http.wire 73 - http-outgoing-0 >> "Host: localhost:40046[\r][\n]"
01-03-2022 16:28:02 Wire.java DEBUG [Forwarding deleteAllCookies on session f300633830c87b8f6f8bcb6913b46af6 to remote] http.wire 73 - http-outgoing-0 >> "Connection: Keep-Alive[\r][\n]"
01-03-2022 16:28:02 Wire.java DEBUG [Forwarding deleteAllCookies on session f300633830c87b8f6f8bcb6913b46af6 to remote] http.wire 73 - http-outgoing-0 >> "User-Agent: Apache-HttpClient/4.5.3 (Java/1.8.0_202)[\r][\n]"
01-03-2022 16:28:02 Wire.java DEBUG [Forwarding deleteAllCookies on session f300633830c87b8f6f8bcb6913b46af6 to remote] http.wire 73 - http-outgoing-0 >> "Accept-Encoding: gzip,deflate[\r][\n]"
01-03-2022 16:28:02 Wire.java DEBUG [Forwarding deleteAllCookies on session f300633830c87b8f6f8bcb6913b46af6 to remote] http.wire 73 - http-outgoing-0 >> "[\r][\n]"
01-03-2022 16:28:02 Wire.java DEBUG [Forwarding deleteAllCookies on session f300633830c87b8f6f8bcb6913b46af6 to remote] http.wire 73 - http-outgoing-0 << "HTTP/1.1 200 OK[\r][\n]"
01-03-2022 16:28:02 Wire.java DEBUG [Forwarding deleteAllCookies on session f300633830c87b8f6f8bcb6913b46af6 to remote] http.wire 73 - http-outgoing-0 << "Content-Length:14[\r][\n]"
01-03-2022 16:28:02 Wire.java DEBUG [Forwarding deleteAllCookies on session f300633830c87b8f6f8bcb6913b46af6 to remote] http.wire 73 - http-outgoing-0 << "Content-Type:application/json; charset=utf-8[\r][\n]"
01-03-2022 16:28:02 Wire.java DEBUG [Forwarding deleteAllCookies on session f300633830c87b8f6f8bcb6913b46af6 to remote] http.wire 73 - http-outgoing-0 << "cache-control:no-cache[\r][\n]"
01-03-2022 16:28:02 Wire.java DEBUG [Forwarding deleteAllCookies on session f300633830c87b8f6f8bcb6913b46af6 to remote] http.wire 73 - http-outgoing-0 << "[\r][\n]"
01-03-2022 16:28:02 Wire.java DEBUG [Forwarding deleteAllCookies on session f300633830c87b8f6f8bcb6913b46af6 to remote] http.wire 87 - http-outgoing-0 << "{"value":null}"
01-03-2022 16:28:02 LoggingManagedHttpClientConnection.java DEBUG [Forwarding deleteAllCookies on session f300633830c87b8f6f8bcb6913b46af6 to remote] http.headers 122 - http-outgoing-0 << HTTP/1.1 200 OK
01-03-2022 16:28:02 LoggingManagedHttpClientConnection.java DEBUG [Forwarding deleteAllCookies on session f300633830c87b8f6f8bcb6913b46af6 to remote] http.headers 125 - http-outgoing-0 << Content-Length:14
01-03-2022 16:28:02 LoggingManagedHttpClientConnection.java DEBUG [Forwarding deleteAllCookies on session f300633830c87b8f6f8bcb6913b46af6 to remote] http.headers 125 - http-outgoing-0 << Content-Type:application/json; charset=utf-8
01-03-2022 16:28:02 LoggingManagedHttpClientConnection.java DEBUG [Forwarding deleteAllCookies on session f300633830c87b8f6f8bcb6913b46af6 to remote] http.headers 125 - http-outgoing-0 << cache-control:no-cache
01-03-2022 16:28:02 MainClientExec.java DEBUG [Forwarding deleteAllCookies on session f300633830c87b8f6f8bcb6913b46af6 to remote] execchain.MainClientExec 285 - Connection can be kept alive indefinitely
01-03-2022 16:28:02 PoolingHttpClientConnectionManager.java DEBUG [Forwarding deleteAllCookies on session f300633830c87b8f6f8bcb6913b46af6 to remote] conn.PoolingHttpClientConnectionManager 320 - Connection [id: 0][route: {}->http://localhost:40046] can be kept alive indefinitely
01-03-2022 16:28:02 PoolingHttpClientConnectionManager.java DEBUG [Forwarding deleteAllCookies on session f300633830c87b8f6f8bcb6913b46af6 to remote] conn.PoolingHttpClientConnectionManager 326 - Connection released: [id: 0][route: {}->http://localhost:40046][total kept alive: 1; route allocated: 1 of 2000; total allocated: 1 of 2000]
01-03-2022 16:28:02 RequestAddCookies.java DEBUG [Forwarding setTimeout on session f300633830c87b8f6f8bcb6913b46af6 to remote] protocol.RequestAddCookies 123 - CookieSpec selected: default
01-03-2022 16:28:02 RequestAuthCache.java DEBUG [Forwarding setTimeout on session f300633830c87b8f6f8bcb6913b46af6 to remote] protocol.RequestAuthCache 77 - Auth cache not set in the context
01-03-2022 16:28:02 PoolingHttpClientConnectionManager.java DEBUG [Forwarding setTimeout on session f300633830c87b8f6f8bcb6913b46af6 to remote] conn.PoolingHttpClientConnectionManager 255 - Connection request: [route: {}->http://localhost:40046][total kept alive: 1; route allocated: 1 of 2000; total allocated: 1 of 2000]
01-03-2022 16:28:02 PoolingHttpClientConnectionManager.java DEBUG [Forwarding setTimeout on session f300633830c87b8f6f8bcb6913b46af6 to remote] conn.PoolingHttpClientConnectionManager 288 - Connection leased: [id: 0][route: {}->http://localhost:40046][total kept alive: 0; route allocated: 1 of 2000; total allocated: 1 of 2000]
01-03-2022 16:28:02 MainClientExec.java DEBUG [Forwarding setTimeout on session f300633830c87b8f6f8bcb6913b46af6 to remote] execchain.MainClientExec 208 - Stale connection check
01-03-2022 16:28:02 Wire.java DEBUG [Forwarding setTimeout on session f300633830c87b8f6f8bcb6913b46af6 to remote] http.wire 87 - http-outgoing-0 << "[read] I/O error: Read timed out"
01-03-2022 16:28:02 LoggingManagedHttpClientConnection.java DEBUG [Forwarding setTimeout on session f300633830c87b8f6f8bcb6913b46af6 to remote] conn.DefaultManagedHttpClientConnection 88 - http-outgoing-0: set socket timeout to 10800000
01-03-2022 16:28:02 MainClientExec.java DEBUG [Forwarding setTimeout on session f300633830c87b8f6f8bcb6913b46af6 to remote] execchain.MainClientExec 256 - Executing request POST /session/f300633830c87b8f6f8bcb6913b46af6/timeouts HTTP/1.1
01-03-2022 16:28:02 MainClientExec.java DEBUG [Forwarding setTimeout on session f300633830c87b8f6f8bcb6913b46af6 to remote] execchain.MainClientExec 261 - Target auth state: UNCHALLENGED
01-03-2022 16:28:02 MainClientExec.java DEBUG [Forwarding setTimeout on session f300633830c87b8f6f8bcb6913b46af6 to remote] execchain.MainClientExec 267 - Proxy auth state: UNCHALLENGED
01-03-2022 16:28:02 LoggingManagedHttpClientConnection.java DEBUG [Forwarding setTimeout on session f300633830c87b8f6f8bcb6913b46af6 to remote] http.headers 133 - http-outgoing-0 >> POST /session/f300633830c87b8f6f8bcb6913b46af6/timeouts HTTP/1.1
01-03-2022 16:28:02 LoggingManagedHttpClientConnection.java DEBUG [Forwarding setTimeout on session f300633830c87b8f6f8bcb6913b46af6 to remote] http.headers 136 - http-outgoing-0 >> Content-Type: application/json; charset=utf-8
01-03-2022 16:28:02 LoggingManagedHttpClientConnection.java DEBUG [Forwarding setTimeout on session f300633830c87b8f6f8bcb6913b46af6 to remote] http.headers 136 - http-outgoing-0 >> Content-Length: 18
01-03-2022 16:28:02 LoggingManagedHttpClientConnection.java DEBUG [Forwarding setTimeout on session f300633830c87b8f6f8bcb6913b46af6 to remote] http.headers 136 - http-outgoing-0 >> Host: localhost:40046
01-03-2022 16:28:02 LoggingManagedHttpClientConnection.java DEBUG [Forwarding setTimeout on session f300633830c87b8f6f8bcb6913b46af6 to remote] http.headers 136 - http-outgoing-0 >> Connection: Keep-Alive
01-03-2022 16:28:02 LoggingManagedHttpClientConnection.java DEBUG [Forwarding setTimeout on session f300633830c87b8f6f8bcb6913b46af6 to remote] http.headers 136 - http-outgoing-0 >> User-Agent: Apache-HttpClient/4.5.3 (Java/1.8.0_202)
01-03-2022 16:28:02 LoggingManagedHttpClientConnection.java DEBUG [Forwarding setTimeout on session f300633830c87b8f6f8bcb6913b46af6 to remote] http.headers 136 - http-outgoing-0 >> Accept-Encoding: gzip,deflate
01-03-2022 16:28:02 Wire.java DEBUG [Forwarding setTimeout on session f300633830c87b8f6f8bcb6913b46af6 to remote] http.wire 73 - http-outgoing-0 >> "POST /session/f300633830c87b8f6f8bcb6913b46af6/timeouts HTTP/1.1[\r][\n]"
01-03-2022 16:28:02 Wire.java DEBUG [Forwarding setTimeout on session f300633830c87b8f6f8bcb6913b46af6 to remote] http.wire 73 - http-outgoing-0 >> "Content-Type: application/json; charset=utf-8[\r][\n]"
01-03-2022 16:28:02 Wire.java DEBUG [Forwarding setTimeout on session f300633830c87b8f6f8bcb6913b46af6 to remote] http.wire 73 - http-outgoing-0 >> "Content-Length: 18[\r][\n]"
01-03-2022 16:28:02 Wire.java DEBUG [Forwarding setTimeout on session f300633830c87b8f6f8bcb6913b46af6 to remote] http.wire 73 - http-outgoing-0 >> "Host: localhost:40046[\r][\n]"
01-03-2022 16:28:02 Wire.java DEBUG [Forwarding setTimeout on session f300633830c87b8f6f8bcb6913b46af6 to remote] http.wire 73 - http-outgoing-0 >> "Connection: Keep-Alive[\r][\n]"
01-03-2022 16:28:02 Wire.java DEBUG [Forwarding setTimeout on session f300633830c87b8f6f8bcb6913b46af6 to remote] http.wire 73 - http-outgoing-0 >> "User-Agent: Apache-HttpClient/4.5.3 (Java/1.8.0_202)[\r][\n]"
01-03-2022 16:28:02 Wire.java DEBUG [Forwarding setTimeout on session f300633830c87b8f6f8bcb6913b46af6 to remote] http.wire 73 - http-outgoing-0 >> "Accept-Encoding: gzip,deflate[\r][\n]"
01-03-2022 16:28:02 Wire.java DEBUG [Forwarding setTimeout on session f300633830c87b8f6f8bcb6913b46af6 to remote] http.wire 73 - http-outgoing-0 >> "[\r][\n]"
01-03-2022 16:28:02 Wire.java DEBUG [Forwarding setTimeout on session f300633830c87b8f6f8bcb6913b46af6 to remote] http.wire 87 - http-outgoing-0 >> "{"implicit":10000}"
01-03-2022 16:28:02 Wire.java DEBUG [Forwarding setTimeout on session f300633830c87b8f6f8bcb6913b46af6 to remote] http.wire 73 - http-outgoing-0 << "HTTP/1.1 200 OK[\r][\n]"
01-03-2022 16:28:02 Wire.java DEBUG [Forwarding setTimeout on session f300633830c87b8f6f8bcb6913b46af6 to remote] http.wire 73 - http-outgoing-0 << "Content-Length:14[\r][\n]"
01-03-2022 16:28:02 Wire.java DEBUG [Forwarding setTimeout on session f300633830c87b8f6f8bcb6913b46af6 to remote] http.wire 73 - http-outgoing-0 << "Content-Type:application/json; charset=utf-8[\r][\n]"
01-03-2022 16:28:02 Wire.java DEBUG [Forwarding setTimeout on session f300633830c87b8f6f8bcb6913b46af6 to remote] http.wire 73 - http-outgoing-0 << "cache-control:no-cache[\r][\n]"
01-03-2022 16:28:02 Wire.java DEBUG [Forwarding setTimeout on session f300633830c87b8f6f8bcb6913b46af6 to remote] http.wire 73 - http-outgoing-0 << "[\r][\n]"
01-03-2022 16:28:02 Wire.java DEBUG [Forwarding setTimeout on session f300633830c87b8f6f8bcb6913b46af6 to remote] http.wire 87 - http-outgoing-0 << "{"value":null}"
01-03-2022 16:28:02 LoggingManagedHttpClientConnection.java DEBUG [Forwarding setTimeout on session f300633830c87b8f6f8bcb6913b46af6 to remote] http.headers 122 - http-outgoing-0 << HTTP/1.1 200 OK
01-03-2022 16:28:02 LoggingManagedHttpClientConnection.java DEBUG [Forwarding setTimeout on session f300633830c87b8f6f8bcb6913b46af6 to remote] http.headers 125 - http-outgoing-0 << Content-Length:14
01-03-2022 16:28:02 LoggingManagedHttpClientConnection.java DEBUG [Forwarding setTimeout on session f300633830c87b8f6f8bcb6913b46af6 to remote] http.headers 125 - http-outgoing-0 << Content-Type:application/json; charset=utf-8
01-03-2022 16:28:02 LoggingManagedHttpClientConnection.java DEBUG [Forwarding setTimeout on session f300633830c87b8f6f8bcb6913b46af6 to remote] http.headers 125 - http-outgoing-0 << cache-control:no-cache
01-03-2022 16:28:02 MainClientExec.java DEBUG [Forwarding setTimeout on session f300633830c87b8f6f8bcb6913b46af6 to remote] execchain.MainClientExec 285 - Connection can be kept alive indefinitely
01-03-2022 16:28:02 PoolingHttpClientConnectionManager.java DEBUG [Forwarding setTimeout on session f300633830c87b8f6f8bcb6913b46af6 to remote] conn.PoolingHttpClientConnectionManager 320 - Connection [id: 0][route: {}->http://localhost:40046] can be kept alive indefinitely
01-03-2022 16:28:02 PoolingHttpClientConnectionManager.java DEBUG [Forwarding setTimeout on session f300633830c87b8f6f8bcb6913b46af6 to remote] conn.PoolingHttpClientConnectionManager 326 - Connection released: [id: 0][route: {}->http://localhost:40046][total kept alive: 1; route allocated: 1 of 2000; total allocated: 1 of 2000]
01-03-2022 16:28:02 RequestAddCookies.java DEBUG [Forwarding maximizeCurrentWindow on session f300633830c87b8f6f8bcb6913b46af6 to remote] protocol.RequestAddCookies 123 - CookieSpec selected: default
01-03-2022 16:28:02 RequestAuthCache.java DEBUG [Forwarding maximizeCurrentWindow on session f300633830c87b8f6f8bcb6913b46af6 to remote] protocol.RequestAuthCache 77 - Auth cache not set in the context
01-03-2022 16:28:02 PoolingHttpClientConnectionManager.java DEBUG [Forwarding maximizeCurrentWindow on session f300633830c87b8f6f8bcb6913b46af6 to remote] conn.PoolingHttpClientConnectionManager 255 - Connection request: [route: {}->http://localhost:40046][total kept alive: 1; route allocated: 1 of 2000; total allocated: 1 of 2000]
01-03-2022 16:28:02 PoolingHttpClientConnectionManager.java DEBUG [Forwarding maximizeCurrentWindow on session f300633830c87b8f6f8bcb6913b46af6 to remote] conn.PoolingHttpClientConnectionManager 288 - Connection leased: [id: 0][route: {}->http://localhost:40046][total kept alive: 0; route allocated: 1 of 2000; total allocated: 1 of 2000]
01-03-2022 16:28:02 MainClientExec.java DEBUG [Forwarding maximizeCurrentWindow on session f300633830c87b8f6f8bcb6913b46af6 to remote] execchain.MainClientExec 208 - Stale connection check
01-03-2022 16:28:02 Wire.java DEBUG [Forwarding maximizeCurrentWindow on session f300633830c87b8f6f8bcb6913b46af6 to remote] http.wire 87 - http-outgoing-0 << "[read] I/O error: Read timed out"
01-03-2022 16:28:02 LoggingManagedHttpClientConnection.java DEBUG [Forwarding maximizeCurrentWindow on session f300633830c87b8f6f8bcb6913b46af6 to remote] conn.DefaultManagedHttpClientConnection 88 - http-outgoing-0: set socket timeout to 10800000
01-03-2022 16:28:02 MainClientExec.java DEBUG [Forwarding maximizeCurrentWindow on session f300633830c87b8f6f8bcb6913b46af6 to remote] execchain.MainClientExec 256 - Executing request POST /session/f300633830c87b8f6f8bcb6913b46af6/window/maximize HTTP/1.1
01-03-2022 16:28:02 MainClientExec.java DEBUG [Forwarding maximizeCurrentWindow on session f300633830c87b8f6f8bcb6913b46af6 to remote] execchain.MainClientExec 261 - Target auth state: UNCHALLENGED
01-03-2022 16:28:02 MainClientExec.java DEBUG [Forwarding maximizeCurrentWindow on session f300633830c87b8f6f8bcb6913b46af6 to remote] execchain.MainClientExec 267 - Proxy auth state: UNCHALLENGED
01-03-2022 16:28:02 LoggingManagedHttpClientConnection.java DEBUG [Forwarding maximizeCurrentWindow on session f300633830c87b8f6f8bcb6913b46af6 to remote] http.headers 133 - http-outgoing-0 >> POST /session/f300633830c87b8f6f8bcb6913b46af6/window/maximize HTTP/1.1
01-03-2022 16:28:02 LoggingManagedHttpClientConnection.java DEBUG [Forwarding maximizeCurrentWindow on session f300633830c87b8f6f8bcb6913b46af6 to remote] http.headers 136 - http-outgoing-0 >> Content-Type: application/json; charset=utf-8
01-03-2022 16:28:02 LoggingManagedHttpClientConnection.java DEBUG [Forwarding maximizeCurrentWindow on session f300633830c87b8f6f8bcb6913b46af6 to remote] http.headers 136 - http-outgoing-0 >> Content-Length: 2
01-03-2022 16:28:02 LoggingManagedHttpClientConnection.java DEBUG [Forwarding maximizeCurrentWindow on session f300633830c87b8f6f8bcb6913b46af6 to remote] http.headers 136 - http-outgoing-0 >> Host: localhost:40046
01-03-2022 16:28:02 LoggingManagedHttpClientConnection.java DEBUG [Forwarding maximizeCurrentWindow on session f300633830c87b8f6f8bcb6913b46af6 to remote] http.headers 136 - http-outgoing-0 >> Connection: Keep-Alive
01-03-2022 16:28:02 LoggingManagedHttpClientConnection.java DEBUG [Forwarding maximizeCurrentWindow on session f300633830c87b8f6f8bcb6913b46af6 to remote] http.headers 136 - http-outgoing-0 >> User-Agent: Apache-HttpClient/4.5.3 (Java/1.8.0_202)
01-03-2022 16:28:02 LoggingManagedHttpClientConnection.java DEBUG [Forwarding maximizeCurrentWindow on session f300633830c87b8f6f8bcb6913b46af6 to remote] http.headers 136 - http-outgoing-0 >> Accept-Encoding: gzip,deflate
01-03-2022 16:28:02 Wire.java DEBUG [Forwarding maximizeCurrentWindow on session f300633830c87b8f6f8bcb6913b46af6 to remote] http.wire 73 - http-outgoing-0 >> "POST /session/f300633830c87b8f6f8bcb6913b46af6/window/maximize HTTP/1.1[\r][\n]"
01-03-2022 16:28:02 Wire.java DEBUG [Forwarding maximizeCurrentWindow on session f300633830c87b8f6f8bcb6913b46af6 to remote] http.wire 73 - http-outgoing-0 >> "Content-Type: application/json; charset=utf-8[\r][\n]"
01-03-2022 16:28:02 Wire.java DEBUG [Forwarding maximizeCurrentWindow on session f300633830c87b8f6f8bcb6913b46af6 to remote] http.wire 73 - http-outgoing-0 >> "Content-Length: 2[\r][\n]"
01-03-2022 16:28:02 Wire.java DEBUG [Forwarding maximizeCurrentWindow on session f300633830c87b8f6f8bcb6913b46af6 to remote] http.wire 73 - http-outgoing-0 >> "Host: localhost:40046[\r][\n]"
01-03-2022 16:28:02 Wire.java DEBUG [Forwarding maximizeCurrentWindow on session f300633830c87b8f6f8bcb6913b46af6 to remote] http.wire 73 - http-outgoing-0 >> "Connection: Keep-Alive[\r][\n]"
01-03-2022 16:28:02 Wire.java DEBUG [Forwarding maximizeCurrentWindow on session f300633830c87b8f6f8bcb6913b46af6 to remote] http.wire 73 - http-outgoing-0 >> "User-Agent: Apache-HttpClient/4.5.3 (Java/1.8.0_202)[\r][\n]"
01-03-2022 16:28:02 Wire.java DEBUG [Forwarding maximizeCurrentWindow on session f300633830c87b8f6f8bcb6913b46af6 to remote] http.wire 73 - http-outgoing-0 >> "Accept-Encoding: gzip,deflate[\r][\n]"
01-03-2022 16:28:02 Wire.java DEBUG [Forwarding maximizeCurrentWindow on session f300633830c87b8f6f8bcb6913b46af6 to remote] http.wire 73 - http-outgoing-0 >> "[\r][\n]"
01-03-2022 16:28:02 Wire.java DEBUG [Forwarding maximizeCurrentWindow on session f300633830c87b8f6f8bcb6913b46af6 to remote] http.wire 87 - http-outgoing-0 >> "{}"
01-03-2022 16:28:03 Wire.java DEBUG [Forwarding maximizeCurrentWindow on session f300633830c87b8f6f8bcb6913b46af6 to remote] http.wire 73 - http-outgoing-0 << "HTTP/1.1 200 OK[\r][\n]"
01-03-2022 16:28:03 Wire.java DEBUG [Forwarding maximizeCurrentWindow on session f300633830c87b8f6f8bcb6913b46af6 to remote] http.wire 73 - http-outgoing-0 << "Content-Length:51[\r][\n]"
01-03-2022 16:28:03 Wire.java DEBUG [Forwarding maximizeCurrentWindow on session f300633830c87b8f6f8bcb6913b46af6 to remote] http.wire 73 - http-outgoing-0 << "Content-Type:application/json; charset=utf-8[\r][\n]"
01-03-2022 16:28:03 Wire.java DEBUG [Forwarding maximizeCurrentWindow on session f300633830c87b8f6f8bcb6913b46af6 to remote] http.wire 73 - http-outgoing-0 << "cache-control:no-cache[\r][\n]"
01-03-2022 16:28:03 Wire.java DEBUG [Forwarding maximizeCurrentWindow on session f300633830c87b8f6f8bcb6913b46af6 to remote] http.wire 73 - http-outgoing-0 << "[\r][\n]"
01-03-2022 16:28:03 Wire.java DEBUG [Forwarding maximizeCurrentWindow on session f300633830c87b8f6f8bcb6913b46af6 to remote] http.wire 87 - http-outgoing-0 << "{"value":{"height":744,"width":1376,"x":-8,"y":-8}}"
01-03-2022 16:28:03 LoggingManagedHttpClientConnection.java DEBUG [Forwarding maximizeCurrentWindow on session f300633830c87b8f6f8bcb6913b46af6 to remote] http.headers 122 - http-outgoing-0 << HTTP/1.1 200 OK
01-03-2022 16:28:03 LoggingManagedHttpClientConnection.java DEBUG [Forwarding maximizeCurrentWindow on session f300633830c87b8f6f8bcb6913b46af6 to remote] http.headers 125 - http-outgoing-0 << Content-Length:51
01-03-2022 16:28:03 LoggingManagedHttpClientConnection.java DEBUG [Forwarding maximizeCurrentWindow on session f300633830c87b8f6f8bcb6913b46af6 to remote] http.headers 125 - http-outgoing-0 << Content-Type:application/json; charset=utf-8
01-03-2022 16:28:03 LoggingManagedHttpClientConnection.java DEBUG [Forwarding maximizeCurrentWindow on session f300633830c87b8f6f8bcb6913b46af6 to remote] http.headers 125 - http-outgoing-0 << cache-control:no-cache
01-03-2022 16:28:03 MainClientExec.java DEBUG [Forwarding maximizeCurrentWindow on session f300633830c87b8f6f8bcb6913b46af6 to remote] execchain.MainClientExec 285 - Connection can be kept alive indefinitely
01-03-2022 16:28:03 PoolingHttpClientConnectionManager.java DEBUG [Forwarding maximizeCurrentWindow on session f300633830c87b8f6f8bcb6913b46af6 to remote] conn.PoolingHttpClientConnectionManager 320 - Connection [id: 0][route: {}->http://localhost:40046] can be kept alive indefinitely
01-03-2022 16:28:03 PoolingHttpClientConnectionManager.java DEBUG [Forwarding maximizeCurrentWindow on session f300633830c87b8f6f8bcb6913b46af6 to remote] conn.PoolingHttpClientConnectionManager 326 - Connection released: [id: 0][route: {}->http://localhost:40046][total kept alive: 1; route allocated: 1 of 2000; total allocated: 1 of 2000]
Before navigating to: 'https://kolhapur.gov.in/en/'
01-03-2022 16:28:03 RequestAddCookies.java DEBUG [Forwarding get on session f300633830c87b8f6f8bcb6913b46af6 to remote] protocol.RequestAddCookies 123 - CookieSpec selected: default
01-03-2022 16:28:03 RequestAuthCache.java DEBUG [Forwarding get on session f300633830c87b8f6f8bcb6913b46af6 to remote] protocol.RequestAuthCache 77 - Auth cache not set in the context
01-03-2022 16:28:03 PoolingHttpClientConnectionManager.java DEBUG [Forwarding get on session f300633830c87b8f6f8bcb6913b46af6 to remote] conn.PoolingHttpClientConnectionManager 255 - Connection request: [route: {}->http://localhost:40046][total kept alive: 1; route allocated: 1 of 2000; total allocated: 1 of 2000]
01-03-2022 16:28:03 PoolingHttpClientConnectionManager.java DEBUG [Forwarding get on session f300633830c87b8f6f8bcb6913b46af6 to remote] conn.PoolingHttpClientConnectionManager 288 - Connection leased: [id: 0][route: {}->http://localhost:40046][total kept alive: 0; route allocated: 1 of 2000; total allocated: 1 of 2000]
01-03-2022 16:28:03 MainClientExec.java DEBUG [Forwarding get on session f300633830c87b8f6f8bcb6913b46af6 to remote] execchain.MainClientExec 208 - Stale connection check
01-03-2022 16:28:03 Wire.java DEBUG [Forwarding get on session f300633830c87b8f6f8bcb6913b46af6 to remote] http.wire 87 - http-outgoing-0 << "[read] I/O error: Read timed out"
01-03-2022 16:28:03 LoggingManagedHttpClientConnection.java DEBUG [Forwarding get on session f300633830c87b8f6f8bcb6913b46af6 to remote] conn.DefaultManagedHttpClientConnection 88 - http-outgoing-0: set socket timeout to 10800000
01-03-2022 16:28:03 MainClientExec.java DEBUG [Forwarding get on session f300633830c87b8f6f8bcb6913b46af6 to remote] execchain.MainClientExec 256 - Executing request POST /session/f300633830c87b8f6f8bcb6913b46af6/url HTTP/1.1
01-03-2022 16:28:03 MainClientExec.java DEBUG [Forwarding get on session f300633830c87b8f6f8bcb6913b46af6 to remote] execchain.MainClientExec 261 - Target auth state: UNCHALLENGED
01-03-2022 16:28:03 MainClientExec.java DEBUG [Forwarding get on session f300633830c87b8f6f8bcb6913b46af6 to remote] execchain.MainClientExec 267 - Proxy auth state: UNCHALLENGED
01-03-2022 16:28:03 LoggingManagedHttpClientConnection.java DEBUG [Forwarding get on session f300633830c87b8f6f8bcb6913b46af6 to remote] http.headers 133 - http-outgoing-0 >> POST /session/f300633830c87b8f6f8bcb6913b46af6/url HTTP/1.1
01-03-2022 16:28:03 LoggingManagedHttpClientConnection.java DEBUG [Forwarding get on session f300633830c87b8f6f8bcb6913b46af6 to remote] http.headers 136 - http-outgoing-0 >> Content-Type: application/json; charset=utf-8
01-03-2022 16:28:03 LoggingManagedHttpClientConnection.java DEBUG [Forwarding get on session f300633830c87b8f6f8bcb6913b46af6 to remote] http.headers 136 - http-outgoing-0 >> Content-Length: 37
01-03-2022 16:28:03 LoggingManagedHttpClientConnection.java DEBUG [Forwarding get on session f300633830c87b8f6f8bcb6913b46af6 to remote] http.headers 136 - http-outgoing-0 >> Host: localhost:40046
01-03-2022 16:28:03 LoggingManagedHttpClientConnection.java DEBUG [Forwarding get on session f300633830c87b8f6f8bcb6913b46af6 to remote] http.headers 136 - http-outgoing-0 >> Connection: Keep-Alive
01-03-2022 16:28:03 LoggingManagedHttpClientConnection.java DEBUG [Forwarding get on session f300633830c87b8f6f8bcb6913b46af6 to remote] http.headers 136 - http-outgoing-0 >> User-Agent: Apache-HttpClient/4.5.3 (Java/1.8.0_202)
01-03-2022 16:28:03 LoggingManagedHttpClientConnection.java DEBUG [Forwarding get on session f300633830c87b8f6f8bcb6913b46af6 to remote] http.headers 136 - http-outgoing-0 >> Accept-Encoding: gzip,deflate
01-03-2022 16:28:03 Wire.java DEBUG [Forwarding get on session f300633830c87b8f6f8bcb6913b46af6 to remote] http.wire 73 - http-outgoing-0 >> "POST /session/f300633830c87b8f6f8bcb6913b46af6/url HTTP/1.1[\r][\n]"
01-03-2022 16:28:03 Wire.java DEBUG [Forwarding get on session f300633830c87b8f6f8bcb6913b46af6 to remote] http.wire 73 - http-outgoing-0 >> "Content-Type: application/json; charset=utf-8[\r][\n]"
01-03-2022 16:28:03 Wire.java DEBUG [Forwarding get on session f300633830c87b8f6f8bcb6913b46af6 to remote] http.wire 73 - http-outgoing-0 >> "Content-Length: 37[\r][\n]"
01-03-2022 16:28:03 Wire.java DEBUG [Forwarding get on session f300633830c87b8f6f8bcb6913b46af6 to remote] http.wire 73 - http-outgoing-0 >> "Host: localhost:40046[\r][\n]"
01-03-2022 16:28:03 Wire.java DEBUG [Forwarding get on session f300633830c87b8f6f8bcb6913b46af6 to remote] http.wire 73 - http-outgoing-0 >> "Connection: Keep-Alive[\r][\n]"
01-03-2022 16:28:03 Wire.java DEBUG [Forwarding get on session f300633830c87b8f6f8bcb6913b46af6 to remote] http.wire 73 - http-outgoing-0 >> "User-Agent: Apache-HttpClient/4.5.3 (Java/1.8.0_202)[\r][\n]"
01-03-2022 16:28:03 Wire.java DEBUG [Forwarding get on session f300633830c87b8f6f8bcb6913b46af6 to remote] http.wire 73 - http-outgoing-0 >> "Accept-Encoding: gzip,deflate[\r][\n]"
01-03-2022 16:28:03 Wire.java DEBUG [Forwarding get on session f300633830c87b8f6f8bcb6913b46af6 to remote] http.wire 73 - http-outgoing-0 >> "[\r][\n]"
01-03-2022 16:28:03 Wire.java DEBUG [Forwarding get on session f300633830c87b8f6f8bcb6913b46af6 to remote] http.wire 87 - http-outgoing-0 >> "{"url":"https://kolhapur.gov.in/en/"}"
01-03-2022 16:28:44 Wire.java DEBUG [Forwarding get on session f300633830c87b8f6f8bcb6913b46af6 to remote] http.wire 73 - http-outgoing-0 << "HTTP/1.1 200 OK[\r][\n]"
01-03-2022 16:28:44 Wire.java DEBUG [Forwarding get on session f300633830c87b8f6f8bcb6913b46af6 to remote] http.wire 73 - http-outgoing-0 << "Content-Length:14[\r][\n]"
01-03-2022 16:28:44 Wire.java DEBUG [Forwarding get on session f300633830c87b8f6f8bcb6913b46af6 to remote] http.wire 73 - http-outgoing-0 << "Content-Type:application/json; charset=utf-8[\r][\n]"
01-03-2022 16:28:44 Wire.java DEBUG [Forwarding get on session f300633830c87b8f6f8bcb6913b46af6 to remote] http.wire 73 - http-outgoing-0 << "cache-control:no-cache[\r][\n]"
01-03-2022 16:28:44 Wire.java DEBUG [Forwarding get on session f300633830c87b8f6f8bcb6913b46af6 to remote] http.wire 73 - http-outgoing-0 << "[\r][\n]"
01-03-2022 16:28:44 Wire.java DEBUG [Forwarding get on session f300633830c87b8f6f8bcb6913b46af6 to remote] http.wire 87 - http-outgoing-0 << "{"value":null}"
01-03-2022 16:28:44 LoggingManagedHttpClientConnection.java DEBUG [Forwarding get on session f300633830c87b8f6f8bcb6913b46af6 to remote] http.headers 122 - http-outgoing-0 << HTTP/1.1 200 OK
01-03-2022 16:28:44 LoggingManagedHttpClientConnection.java DEBUG [Forwarding get on session f300633830c87b8f6f8bcb6913b46af6 to remote] http.headers 125 - http-outgoing-0 << Content-Length:14
01-03-2022 16:28:44 LoggingManagedHttpClientConnection.java DEBUG [Forwarding get on session f300633830c87b8f6f8bcb6913b46af6 to remote] http.headers 125 - http-outgoing-0 << Content-Type:application/json; charset=utf-8
01-03-2022 16:28:44 LoggingManagedHttpClientConnection.java DEBUG [Forwarding get on session f300633830c87b8f6f8bcb6913b46af6 to remote] http.headers 125 - http-outgoing-0 << cache-control:no-cache
01-03-2022 16:28:44 MainClientExec.java DEBUG [Forwarding get on session f300633830c87b8f6f8bcb6913b46af6 to remote] execchain.MainClientExec 285 - Connection can be kept alive indefinitely
01-03-2022 16:28:44 PoolingHttpClientConnectionManager.java DEBUG [Forwarding get on session f300633830c87b8f6f8bcb6913b46af6 to remote] conn.PoolingHttpClientConnectionManager 320 - Connection [id: 0][route: {}->http://localhost:40046] can be kept alive indefinitely
01-03-2022 16:28:44 PoolingHttpClientConnectionManager.java DEBUG [Forwarding get on session f300633830c87b8f6f8bcb6913b46af6 to remote] conn.PoolingHttpClientConnectionManager 326 - Connection released: [id: 0][route: {}->http://localhost:40046][total kept alive: 1; route allocated: 1 of 2000; total allocated: 1 of 2000]
Navigated to:'https://kolhapur.gov.in/en/'
01-03-2022 16:28:44 TestBase.java INFO  [main] KolhapurAutomationHybridFramework 61 - **************************url lauched*****************
Trying to find Element By : By.cssSelector: ul.vc_tta-tabs-list>li:first-of-type
01-03-2022 16:28:44 RequestAddCookies.java DEBUG [Forwarding findElement on session f300633830c87b8f6f8bcb6913b46af6 to remote] protocol.RequestAddCookies 123 - CookieSpec selected: default
01-03-2022 16:28:44 RequestAuthCache.java DEBUG [Forwarding findElement on session f300633830c87b8f6f8bcb6913b46af6 to remote] protocol.RequestAuthCache 77 - Auth cache not set in the context
01-03-2022 16:28:44 PoolingHttpClientConnectionManager.java DEBUG [Forwarding findElement on session f300633830c87b8f6f8bcb6913b46af6 to remote] conn.PoolingHttpClientConnectionManager 255 - Connection request: [route: {}->http://localhost:40046][total kept alive: 1; route allocated: 1 of 2000; total allocated: 1 of 2000]
01-03-2022 16:28:44 PoolingHttpClientConnectionManager.java DEBUG [Forwarding findElement on session f300633830c87b8f6f8bcb6913b46af6 to remote] conn.PoolingHttpClientConnectionManager 288 - Connection leased: [id: 0][route: {}->http://localhost:40046][total kept alive: 0; route allocated: 1 of 2000; total allocated: 1 of 2000]
01-03-2022 16:28:44 MainClientExec.java DEBUG [Forwarding findElement on session f300633830c87b8f6f8bcb6913b46af6 to remote] execchain.MainClientExec 208 - Stale connection check
01-03-2022 16:28:44 Wire.java DEBUG [Forwarding findElement on session f300633830c87b8f6f8bcb6913b46af6 to remote] http.wire 87 - http-outgoing-0 << "[read] I/O error: Read timed out"
01-03-2022 16:28:44 LoggingManagedHttpClientConnection.java DEBUG [Forwarding findElement on session f300633830c87b8f6f8bcb6913b46af6 to remote] conn.DefaultManagedHttpClientConnection 88 - http-outgoing-0: set socket timeout to 10800000
01-03-2022 16:28:44 MainClientExec.java DEBUG [Forwarding findElement on session f300633830c87b8f6f8bcb6913b46af6 to remote] execchain.MainClientExec 256 - Executing request POST /session/f300633830c87b8f6f8bcb6913b46af6/element HTTP/1.1
01-03-2022 16:28:44 MainClientExec.java DEBUG [Forwarding findElement on session f300633830c87b8f6f8bcb6913b46af6 to remote] execchain.MainClientExec 261 - Target auth state: UNCHALLENGED
01-03-2022 16:28:44 MainClientExec.java DEBUG [Forwarding findElement on session f300633830c87b8f6f8bcb6913b46af6 to remote] execchain.MainClientExec 267 - Proxy auth state: UNCHALLENGED
01-03-2022 16:28:44 LoggingManagedHttpClientConnection.java DEBUG [Forwarding findElement on session f300633830c87b8f6f8bcb6913b46af6 to remote] http.headers 133 - http-outgoing-0 >> POST /session/f300633830c87b8f6f8bcb6913b46af6/element HTTP/1.1
01-03-2022 16:28:44 LoggingManagedHttpClientConnection.java DEBUG [Forwarding findElement on session f300633830c87b8f6f8bcb6913b46af6 to remote] http.headers 136 - http-outgoing-0 >> Content-Type: application/json; charset=utf-8
01-03-2022 16:28:44 LoggingManagedHttpClientConnection.java DEBUG [Forwarding findElement on session f300633830c87b8f6f8bcb6913b46af6 to remote] http.headers 136 - http-outgoing-0 >> Content-Length: 76
01-03-2022 16:28:44 LoggingManagedHttpClientConnection.java DEBUG [Forwarding findElement on session f300633830c87b8f6f8bcb6913b46af6 to remote] http.headers 136 - http-outgoing-0 >> Host: localhost:40046
01-03-2022 16:28:44 LoggingManagedHttpClientConnection.java DEBUG [Forwarding findElement on session f300633830c87b8f6f8bcb6913b46af6 to remote] http.headers 136 - http-outgoing-0 >> Connection: Keep-Alive
01-03-2022 16:28:44 LoggingManagedHttpClientConnection.java DEBUG [Forwarding findElement on session f300633830c87b8f6f8bcb6913b46af6 to remote] http.headers 136 - http-outgoing-0 >> User-Agent: Apache-HttpClient/4.5.3 (Java/1.8.0_202)
01-03-2022 16:28:44 LoggingManagedHttpClientConnection.java DEBUG [Forwarding findElement on session f300633830c87b8f6f8bcb6913b46af6 to remote] http.headers 136 - http-outgoing-0 >> Accept-Encoding: gzip,deflate
01-03-2022 16:28:44 Wire.java DEBUG [Forwarding findElement on session f300633830c87b8f6f8bcb6913b46af6 to remote] http.wire 73 - http-outgoing-0 >> "POST /session/f300633830c87b8f6f8bcb6913b46af6/element HTTP/1.1[\r][\n]"
01-03-2022 16:28:44 Wire.java DEBUG [Forwarding findElement on session f300633830c87b8f6f8bcb6913b46af6 to remote] http.wire 73 - http-outgoing-0 >> "Content-Type: application/json; charset=utf-8[\r][\n]"
01-03-2022 16:28:44 Wire.java DEBUG [Forwarding findElement on session f300633830c87b8f6f8bcb6913b46af6 to remote] http.wire 73 - http-outgoing-0 >> "Content-Length: 76[\r][\n]"
01-03-2022 16:28:44 Wire.java DEBUG [Forwarding findElement on session f300633830c87b8f6f8bcb6913b46af6 to remote] http.wire 73 - http-outgoing-0 >> "Host: localhost:40046[\r][\n]"
01-03-2022 16:28:44 Wire.java DEBUG [Forwarding findElement on session f300633830c87b8f6f8bcb6913b46af6 to remote] http.wire 73 - http-outgoing-0 >> "Connection: Keep-Alive[\r][\n]"
01-03-2022 16:28:44 Wire.java DEBUG [Forwarding findElement on session f300633830c87b8f6f8bcb6913b46af6 to remote] http.wire 73 - http-outgoing-0 >> "User-Agent: Apache-HttpClient/4.5.3 (Java/1.8.0_202)[\r][\n]"
01-03-2022 16:28:44 Wire.java DEBUG [Forwarding findElement on session f300633830c87b8f6f8bcb6913b46af6 to remote] http.wire 73 - http-outgoing-0 >> "Accept-Encoding: gzip,deflate[\r][\n]"
01-03-2022 16:28:44 Wire.java DEBUG [Forwarding findElement on session f300633830c87b8f6f8bcb6913b46af6 to remote] http.wire 73 - http-outgoing-0 >> "[\r][\n]"
01-03-2022 16:28:44 Wire.java DEBUG [Forwarding findElement on session f300633830c87b8f6f8bcb6913b46af6 to remote] http.wire 87 - http-outgoing-0 >> "{"value":"ul.vc_tta-tabs-list\u003eli:first-of-type","using":"css selector"}"
01-03-2022 16:28:44 Wire.java DEBUG [Forwarding findElement on session f300633830c87b8f6f8bcb6913b46af6 to remote] http.wire 73 - http-outgoing-0 << "HTTP/1.1 200 OK[\r][\n]"
01-03-2022 16:28:44 Wire.java DEBUG [Forwarding findElement on session f300633830c87b8f6f8bcb6913b46af6 to remote] http.wire 73 - http-outgoing-0 << "Content-Length:88[\r][\n]"
01-03-2022 16:28:44 Wire.java DEBUG [Forwarding findElement on session f300633830c87b8f6f8bcb6913b46af6 to remote] http.wire 73 - http-outgoing-0 << "Content-Type:application/json; charset=utf-8[\r][\n]"
01-03-2022 16:28:44 Wire.java DEBUG [Forwarding findElement on session f300633830c87b8f6f8bcb6913b46af6 to remote] http.wire 73 - http-outgoing-0 << "cache-control:no-cache[\r][\n]"
01-03-2022 16:28:44 Wire.java DEBUG [Forwarding findElement on session f300633830c87b8f6f8bcb6913b46af6 to remote] http.wire 73 - http-outgoing-0 << "[\r][\n]"
01-03-2022 16:28:44 Wire.java DEBUG [Forwarding findElement on session f300633830c87b8f6f8bcb6913b46af6 to remote] http.wire 87 - http-outgoing-0 << "{"value":{"element-6066-11e4-a52e-4f735466cecf":"695bd3f8-438f-44a8-82fc-b4e05be8d96e"}}"
01-03-2022 16:28:44 LoggingManagedHttpClientConnection.java DEBUG [Forwarding findElement on session f300633830c87b8f6f8bcb6913b46af6 to remote] http.headers 122 - http-outgoing-0 << HTTP/1.1 200 OK
01-03-2022 16:28:44 LoggingManagedHttpClientConnection.java DEBUG [Forwarding findElement on session f300633830c87b8f6f8bcb6913b46af6 to remote] http.headers 125 - http-outgoing-0 << Content-Length:88
01-03-2022 16:28:44 LoggingManagedHttpClientConnection.java DEBUG [Forwarding findElement on session f300633830c87b8f6f8bcb6913b46af6 to remote] http.headers 125 - http-outgoing-0 << Content-Type:application/json; charset=utf-8
01-03-2022 16:28:44 LoggingManagedHttpClientConnection.java DEBUG [Forwarding findElement on session f300633830c87b8f6f8bcb6913b46af6 to remote] http.headers 125 - http-outgoing-0 << cache-control:no-cache
01-03-2022 16:28:44 MainClientExec.java DEBUG [Forwarding findElement on session f300633830c87b8f6f8bcb6913b46af6 to remote] execchain.MainClientExec 285 - Connection can be kept alive indefinitely
01-03-2022 16:28:44 PoolingHttpClientConnectionManager.java DEBUG [Forwarding findElement on session f300633830c87b8f6f8bcb6913b46af6 to remote] conn.PoolingHttpClientConnectionManager 320 - Connection [id: 0][route: {}->http://localhost:40046] can be kept alive indefinitely
01-03-2022 16:28:44 PoolingHttpClientConnectionManager.java DEBUG [Forwarding findElement on session f300633830c87b8f6f8bcb6913b46af6 to remote] conn.PoolingHttpClientConnectionManager 326 - Connection released: [id: 0][route: {}->http://localhost:40046][total kept alive: 1; route allocated: 1 of 2000; total allocated: 1 of 2000]
Found Element By : By.cssSelector: ul.vc_tta-tabs-list>li:first-of-type
01-03-2022 16:28:44 RequestAddCookies.java DEBUG [Forwarding getElementText on session f300633830c87b8f6f8bcb6913b46af6 to remote] protocol.RequestAddCookies 123 - CookieSpec selected: default
01-03-2022 16:28:44 RequestAuthCache.java DEBUG [Forwarding getElementText on session f300633830c87b8f6f8bcb6913b46af6 to remote] protocol.RequestAuthCache 77 - Auth cache not set in the context
01-03-2022 16:28:44 PoolingHttpClientConnectionManager.java DEBUG [Forwarding getElementText on session f300633830c87b8f6f8bcb6913b46af6 to remote] conn.PoolingHttpClientConnectionManager 255 - Connection request: [route: {}->http://localhost:40046][total kept alive: 1; route allocated: 1 of 2000; total allocated: 1 of 2000]
01-03-2022 16:28:44 PoolingHttpClientConnectionManager.java DEBUG [Forwarding getElementText on session f300633830c87b8f6f8bcb6913b46af6 to remote] conn.PoolingHttpClientConnectionManager 288 - Connection leased: [id: 0][route: {}->http://localhost:40046][total kept alive: 0; route allocated: 1 of 2000; total allocated: 1 of 2000]
01-03-2022 16:28:44 MainClientExec.java DEBUG [Forwarding getElementText on session f300633830c87b8f6f8bcb6913b46af6 to remote] execchain.MainClientExec 208 - Stale connection check
01-03-2022 16:28:44 Wire.java DEBUG [Forwarding getElementText on session f300633830c87b8f6f8bcb6913b46af6 to remote] http.wire 87 - http-outgoing-0 << "[read] I/O error: Read timed out"
01-03-2022 16:28:44 LoggingManagedHttpClientConnection.java DEBUG [Forwarding getElementText on session f300633830c87b8f6f8bcb6913b46af6 to remote] conn.DefaultManagedHttpClientConnection 88 - http-outgoing-0: set socket timeout to 10800000
01-03-2022 16:28:44 MainClientExec.java DEBUG [Forwarding getElementText on session f300633830c87b8f6f8bcb6913b46af6 to remote] execchain.MainClientExec 256 - Executing request GET /session/f300633830c87b8f6f8bcb6913b46af6/element/695bd3f8-438f-44a8-82fc-b4e05be8d96e/text HTTP/1.1
01-03-2022 16:28:44 MainClientExec.java DEBUG [Forwarding getElementText on session f300633830c87b8f6f8bcb6913b46af6 to remote] execchain.MainClientExec 261 - Target auth state: UNCHALLENGED
01-03-2022 16:28:44 MainClientExec.java DEBUG [Forwarding getElementText on session f300633830c87b8f6f8bcb6913b46af6 to remote] execchain.MainClientExec 267 - Proxy auth state: UNCHALLENGED
01-03-2022 16:28:44 LoggingManagedHttpClientConnection.java DEBUG [Forwarding getElementText on session f300633830c87b8f6f8bcb6913b46af6 to remote] http.headers 133 - http-outgoing-0 >> GET /session/f300633830c87b8f6f8bcb6913b46af6/element/695bd3f8-438f-44a8-82fc-b4e05be8d96e/text HTTP/1.1
01-03-2022 16:28:44 LoggingManagedHttpClientConnection.java DEBUG [Forwarding getElementText on session f300633830c87b8f6f8bcb6913b46af6 to remote] http.headers 136 - http-outgoing-0 >> Cache-Control: no-cache
01-03-2022 16:28:44 LoggingManagedHttpClientConnection.java DEBUG [Forwarding getElementText on session f300633830c87b8f6f8bcb6913b46af6 to remote] http.headers 136 - http-outgoing-0 >> Host: localhost:40046
01-03-2022 16:28:44 LoggingManagedHttpClientConnection.java DEBUG [Forwarding getElementText on session f300633830c87b8f6f8bcb6913b46af6 to remote] http.headers 136 - http-outgoing-0 >> Connection: Keep-Alive
01-03-2022 16:28:44 LoggingManagedHttpClientConnection.java DEBUG [Forwarding getElementText on session f300633830c87b8f6f8bcb6913b46af6 to remote] http.headers 136 - http-outgoing-0 >> User-Agent: Apache-HttpClient/4.5.3 (Java/1.8.0_202)
01-03-2022 16:28:44 LoggingManagedHttpClientConnection.java DEBUG [Forwarding getElementText on session f300633830c87b8f6f8bcb6913b46af6 to remote] http.headers 136 - http-outgoing-0 >> Accept-Encoding: gzip,deflate
01-03-2022 16:28:44 Wire.java DEBUG [Forwarding getElementText on session f300633830c87b8f6f8bcb6913b46af6 to remote] http.wire 73 - http-outgoing-0 >> "GET /session/f300633830c87b8f6f8bcb6913b46af6/element/695bd3f8-438f-44a8-82fc-b4e05be8d96e/text HTTP/1.1[\r][\n]"
01-03-2022 16:28:44 Wire.java DEBUG [Forwarding getElementText on session f300633830c87b8f6f8bcb6913b46af6 to remote] http.wire 73 - http-outgoing-0 >> "Cache-Control: no-cache[\r][\n]"
01-03-2022 16:28:44 Wire.java DEBUG [Forwarding getElementText on session f300633830c87b8f6f8bcb6913b46af6 to remote] http.wire 73 - http-outgoing-0 >> "Host: localhost:40046[\r][\n]"
01-03-2022 16:28:44 Wire.java DEBUG [Forwarding getElementText on session f300633830c87b8f6f8bcb6913b46af6 to remote] http.wire 73 - http-outgoing-0 >> "Connection: Keep-Alive[\r][\n]"
01-03-2022 16:28:44 Wire.java DEBUG [Forwarding getElementText on session f300633830c87b8f6f8bcb6913b46af6 to remote] http.wire 73 - http-outgoing-0 >> "User-Agent: Apache-HttpClient/4.5.3 (Java/1.8.0_202)[\r][\n]"
01-03-2022 16:28:44 Wire.java DEBUG [Forwarding getElementText on session f300633830c87b8f6f8bcb6913b46af6 to remote] http.wire 73 - http-outgoing-0 >> "Accept-Encoding: gzip,deflate[\r][\n]"
01-03-2022 16:28:44 Wire.java DEBUG [Forwarding getElementText on session f300633830c87b8f6f8bcb6913b46af6 to remote] http.wire 73 - http-outgoing-0 >> "[\r][\n]"
01-03-2022 16:28:44 Wire.java DEBUG [Forwarding getElementText on session f300633830c87b8f6f8bcb6913b46af6 to remote] http.wire 73 - http-outgoing-0 << "HTTP/1.1 200 OK[\r][\n]"
01-03-2022 16:28:44 Wire.java DEBUG [Forwarding getElementText on session f300633830c87b8f6f8bcb6913b46af6 to remote] http.wire 73 - http-outgoing-0 << "Content-Length:26[\r][\n]"
01-03-2022 16:28:44 Wire.java DEBUG [Forwarding getElementText on session f300633830c87b8f6f8bcb6913b46af6 to remote] http.wire 73 - http-outgoing-0 << "Content-Type:application/json; charset=utf-8[\r][\n]"
01-03-2022 16:28:44 Wire.java DEBUG [Forwarding getElementText on session f300633830c87b8f6f8bcb6913b46af6 to remote] http.wire 73 - http-outgoing-0 << "cache-control:no-cache[\r][\n]"
01-03-2022 16:28:44 Wire.java DEBUG [Forwarding getElementText on session f300633830c87b8f6f8bcb6913b46af6 to remote] http.wire 73 - http-outgoing-0 << "[\r][\n]"
01-03-2022 16:28:44 Wire.java DEBUG [Forwarding getElementText on session f300633830c87b8f6f8bcb6913b46af6 to remote] http.wire 87 - http-outgoing-0 << "{"value":"NEWS / UPDATES"}"
01-03-2022 16:28:44 LoggingManagedHttpClientConnection.java DEBUG [Forwarding getElementText on session f300633830c87b8f6f8bcb6913b46af6 to remote] http.headers 122 - http-outgoing-0 << HTTP/1.1 200 OK
01-03-2022 16:28:44 LoggingManagedHttpClientConnection.java DEBUG [Forwarding getElementText on session f300633830c87b8f6f8bcb6913b46af6 to remote] http.headers 125 - http-outgoing-0 << Content-Length:26
01-03-2022 16:28:44 LoggingManagedHttpClientConnection.java DEBUG [Forwarding getElementText on session f300633830c87b8f6f8bcb6913b46af6 to remote] http.headers 125 - http-outgoing-0 << Content-Type:application/json; charset=utf-8
01-03-2022 16:28:44 LoggingManagedHttpClientConnection.java DEBUG [Forwarding getElementText on session f300633830c87b8f6f8bcb6913b46af6 to remote] http.headers 125 - http-outgoing-0 << cache-control:no-cache
01-03-2022 16:28:44 MainClientExec.java DEBUG [Forwarding getElementText on session f300633830c87b8f6f8bcb6913b46af6 to remote] execchain.MainClientExec 285 - Connection can be kept alive indefinitely
01-03-2022 16:28:44 PoolingHttpClientConnectionManager.java DEBUG [Forwarding getElementText on session f300633830c87b8f6f8bcb6913b46af6 to remote] conn.PoolingHttpClientConnectionManager 320 - Connection [id: 0][route: {}->http://localhost:40046] can be kept alive indefinitely
01-03-2022 16:28:44 PoolingHttpClientConnectionManager.java DEBUG [Forwarding getElementText on session f300633830c87b8f6f8bcb6913b46af6 to remote] conn.PoolingHttpClientConnectionManager 326 - Connection released: [id: 0][route: {}->http://localhost:40046][total kept alive: 1; route allocated: 1 of 2000; total allocated: 1 of 2000]
]]></system-out>
    <system-err><![CDATA[Starting ChromeDriver 96.0.4664.45 (76e4c1bb2ab4671b8beba3444e61c0f17584b2fc-refs/branch-heads/4664@{#947}) on port 40046
Only local connections are allowed.
Please see https://chromedriver.chromium.org/security-considerations for suggestions on keeping ChromeDriver safe.
ChromeDriver was started successfully.
Jan 03, 2022 4:28:02 PM org.openqa.selenium.remote.ProtocolHandshake createSession
INFO: Detected dialect: W3C
]]></system-err>
  </testcase>
  <testcase name="place_to_interest_test" classname="com.kolhapur.testcases.HomePageTest" time="6.856">
    <system-out><![CDATA[01-03-2022 16:28:44 RequestAddCookies.java DEBUG [Forwarding close on session f300633830c87b8f6f8bcb6913b46af6 to remote] protocol.RequestAddCookies 123 - CookieSpec selected: default
01-03-2022 16:28:44 RequestAuthCache.java DEBUG [Forwarding close on session f300633830c87b8f6f8bcb6913b46af6 to remote] protocol.RequestAuthCache 77 - Auth cache not set in the context
01-03-2022 16:28:44 PoolingHttpClientConnectionManager.java DEBUG [Forwarding close on session f300633830c87b8f6f8bcb6913b46af6 to remote] conn.PoolingHttpClientConnectionManager 255 - Connection request: [route: {}->http://localhost:40046][total kept alive: 1; route allocated: 1 of 2000; total allocated: 1 of 2000]
01-03-2022 16:28:44 PoolingHttpClientConnectionManager.java DEBUG [Forwarding close on session f300633830c87b8f6f8bcb6913b46af6 to remote] conn.PoolingHttpClientConnectionManager 288 - Connection leased: [id: 0][route: {}->http://localhost:40046][total kept alive: 0; route allocated: 1 of 2000; total allocated: 1 of 2000]
01-03-2022 16:28:44 MainClientExec.java DEBUG [Forwarding close on session f300633830c87b8f6f8bcb6913b46af6 to remote] execchain.MainClientExec 208 - Stale connection check
01-03-2022 16:28:44 Wire.java DEBUG [Forwarding close on session f300633830c87b8f6f8bcb6913b46af6 to remote] http.wire 87 - http-outgoing-0 << "[read] I/O error: Read timed out"
01-03-2022 16:28:44 LoggingManagedHttpClientConnection.java DEBUG [Forwarding close on session f300633830c87b8f6f8bcb6913b46af6 to remote] conn.DefaultManagedHttpClientConnection 88 - http-outgoing-0: set socket timeout to 10800000
01-03-2022 16:28:44 MainClientExec.java DEBUG [Forwarding close on session f300633830c87b8f6f8bcb6913b46af6 to remote] execchain.MainClientExec 256 - Executing request DELETE /session/f300633830c87b8f6f8bcb6913b46af6/window HTTP/1.1
01-03-2022 16:28:44 MainClientExec.java DEBUG [Forwarding close on session f300633830c87b8f6f8bcb6913b46af6 to remote] execchain.MainClientExec 261 - Target auth state: UNCHALLENGED
01-03-2022 16:28:44 MainClientExec.java DEBUG [Forwarding close on session f300633830c87b8f6f8bcb6913b46af6 to remote] execchain.MainClientExec 267 - Proxy auth state: UNCHALLENGED
01-03-2022 16:28:44 LoggingManagedHttpClientConnection.java DEBUG [Forwarding close on session f300633830c87b8f6f8bcb6913b46af6 to remote] http.headers 133 - http-outgoing-0 >> DELETE /session/f300633830c87b8f6f8bcb6913b46af6/window HTTP/1.1
01-03-2022 16:28:44 LoggingManagedHttpClientConnection.java DEBUG [Forwarding close on session f300633830c87b8f6f8bcb6913b46af6 to remote] http.headers 136 - http-outgoing-0 >> Host: localhost:40046
01-03-2022 16:28:44 LoggingManagedHttpClientConnection.java DEBUG [Forwarding close on session f300633830c87b8f6f8bcb6913b46af6 to remote] http.headers 136 - http-outgoing-0 >> Connection: Keep-Alive
01-03-2022 16:28:44 LoggingManagedHttpClientConnection.java DEBUG [Forwarding close on session f300633830c87b8f6f8bcb6913b46af6 to remote] http.headers 136 - http-outgoing-0 >> User-Agent: Apache-HttpClient/4.5.3 (Java/1.8.0_202)
01-03-2022 16:28:44 LoggingManagedHttpClientConnection.java DEBUG [Forwarding close on session f300633830c87b8f6f8bcb6913b46af6 to remote] http.headers 136 - http-outgoing-0 >> Accept-Encoding: gzip,deflate
01-03-2022 16:28:44 Wire.java DEBUG [Forwarding close on session f300633830c87b8f6f8bcb6913b46af6 to remote] http.wire 73 - http-outgoing-0 >> "DELETE /session/f300633830c87b8f6f8bcb6913b46af6/window HTTP/1.1[\r][\n]"
01-03-2022 16:28:44 Wire.java DEBUG [Forwarding close on session f300633830c87b8f6f8bcb6913b46af6 to remote] http.wire 73 - http-outgoing-0 >> "Host: localhost:40046[\r][\n]"
01-03-2022 16:28:44 Wire.java DEBUG [Forwarding close on session f300633830c87b8f6f8bcb6913b46af6 to remote] http.wire 73 - http-outgoing-0 >> "Connection: Keep-Alive[\r][\n]"
01-03-2022 16:28:44 Wire.java DEBUG [Forwarding close on session f300633830c87b8f6f8bcb6913b46af6 to remote] http.wire 73 - http-outgoing-0 >> "User-Agent: Apache-HttpClient/4.5.3 (Java/1.8.0_202)[\r][\n]"
01-03-2022 16:28:44 Wire.java DEBUG [Forwarding close on session f300633830c87b8f6f8bcb6913b46af6 to remote] http.wire 73 - http-outgoing-0 >> "Accept-Encoding: gzip,deflate[\r][\n]"
01-03-2022 16:28:44 Wire.java DEBUG [Forwarding close on session f300633830c87b8f6f8bcb6913b46af6 to remote] http.wire 73 - http-outgoing-0 >> "[\r][\n]"
01-03-2022 16:28:45 Wire.java DEBUG [Forwarding close on session f300633830c87b8f6f8bcb6913b46af6 to remote] http.wire 73 - http-outgoing-0 << "HTTP/1.1 200 OK[\r][\n]"
01-03-2022 16:28:45 Wire.java DEBUG [Forwarding close on session f300633830c87b8f6f8bcb6913b46af6 to remote] http.wire 73 - http-outgoing-0 << "Content-Length:12[\r][\n]"
01-03-2022 16:28:45 Wire.java DEBUG [Forwarding close on session f300633830c87b8f6f8bcb6913b46af6 to remote] http.wire 73 - http-outgoing-0 << "Content-Type:application/json; charset=utf-8[\r][\n]"
01-03-2022 16:28:45 Wire.java DEBUG [Forwarding close on session f300633830c87b8f6f8bcb6913b46af6 to remote] http.wire 73 - http-outgoing-0 << "cache-control:no-cache[\r][\n]"
01-03-2022 16:28:45 Wire.java DEBUG [Forwarding close on session f300633830c87b8f6f8bcb6913b46af6 to remote] http.wire 73 - http-outgoing-0 << "[\r][\n]"
01-03-2022 16:28:45 Wire.java DEBUG [Forwarding close on session f300633830c87b8f6f8bcb6913b46af6 to remote] http.wire 87 - http-outgoing-0 << "{"value":[]}"
01-03-2022 16:28:45 LoggingManagedHttpClientConnection.java DEBUG [Forwarding close on session f300633830c87b8f6f8bcb6913b46af6 to remote] http.headers 122 - http-outgoing-0 << HTTP/1.1 200 OK
01-03-2022 16:28:45 LoggingManagedHttpClientConnection.java DEBUG [Forwarding close on session f300633830c87b8f6f8bcb6913b46af6 to remote] http.headers 125 - http-outgoing-0 << Content-Length:12
01-03-2022 16:28:45 LoggingManagedHttpClientConnection.java DEBUG [Forwarding close on session f300633830c87b8f6f8bcb6913b46af6 to remote] http.headers 125 - http-outgoing-0 << Content-Type:application/json; charset=utf-8
01-03-2022 16:28:45 LoggingManagedHttpClientConnection.java DEBUG [Forwarding close on session f300633830c87b8f6f8bcb6913b46af6 to remote] http.headers 125 - http-outgoing-0 << cache-control:no-cache
01-03-2022 16:28:45 MainClientExec.java DEBUG [Forwarding close on session f300633830c87b8f6f8bcb6913b46af6 to remote] execchain.MainClientExec 285 - Connection can be kept alive indefinitely
01-03-2022 16:28:45 PoolingHttpClientConnectionManager.java DEBUG [Forwarding close on session f300633830c87b8f6f8bcb6913b46af6 to remote] conn.PoolingHttpClientConnectionManager 320 - Connection [id: 0][route: {}->http://localhost:40046] can be kept alive indefinitely
01-03-2022 16:28:45 PoolingHttpClientConnectionManager.java DEBUG [Forwarding close on session f300633830c87b8f6f8bcb6913b46af6 to remote] conn.PoolingHttpClientConnectionManager 326 - Connection released: [id: 0][route: {}->http://localhost:40046][total kept alive: 1; route allocated: 1 of 2000; total allocated: 1 of 2000]
01-03-2022 16:28:45 RequestAddCookies.java DEBUG [Forwarding newSession on session null to remote] protocol.RequestAddCookies 123 - CookieSpec selected: default
01-03-2022 16:28:45 RequestAuthCache.java DEBUG [Forwarding newSession on session null to remote] protocol.RequestAuthCache 77 - Auth cache not set in the context
01-03-2022 16:28:45 PoolingHttpClientConnectionManager.java DEBUG [Forwarding newSession on session null to remote] conn.PoolingHttpClientConnectionManager 255 - Connection request: [route: {}->http://localhost:19403][total kept alive: 1; route allocated: 0 of 2000; total allocated: 1 of 2000]
01-03-2022 16:28:45 PoolingHttpClientConnectionManager.java DEBUG [Forwarding newSession on session null to remote] conn.PoolingHttpClientConnectionManager 288 - Connection leased: [id: 1][route: {}->http://localhost:19403][total kept alive: 1; route allocated: 1 of 2000; total allocated: 2 of 2000]
01-03-2022 16:28:45 MainClientExec.java DEBUG [Forwarding newSession on session null to remote] execchain.MainClientExec 235 - Opening connection {}->http://localhost:19403
01-03-2022 16:28:45 DefaultHttpClientConnectionOperator.java DEBUG [Forwarding newSession on session null to remote] conn.DefaultHttpClientConnectionOperator 139 - Connecting to localhost/127.0.0.1:19403
01-03-2022 16:28:45 DefaultHttpClientConnectionOperator.java DEBUG [Forwarding newSession on session null to remote] conn.DefaultHttpClientConnectionOperator 146 - Connection established 127.0.0.1:54071<->127.0.0.1:19403
01-03-2022 16:28:45 LoggingManagedHttpClientConnection.java DEBUG [Forwarding newSession on session null to remote] conn.DefaultManagedHttpClientConnection 88 - http-outgoing-1: set socket timeout to 10800000
01-03-2022 16:28:45 MainClientExec.java DEBUG [Forwarding newSession on session null to remote] execchain.MainClientExec 256 - Executing request POST /session HTTP/1.1
01-03-2022 16:28:45 MainClientExec.java DEBUG [Forwarding newSession on session null to remote] execchain.MainClientExec 261 - Target auth state: UNCHALLENGED
01-03-2022 16:28:45 MainClientExec.java DEBUG [Forwarding newSession on session null to remote] execchain.MainClientExec 267 - Proxy auth state: UNCHALLENGED
01-03-2022 16:28:45 LoggingManagedHttpClientConnection.java DEBUG [Forwarding newSession on session null to remote] http.headers 133 - http-outgoing-1 >> POST /session HTTP/1.1
01-03-2022 16:28:45 LoggingManagedHttpClientConnection.java DEBUG [Forwarding newSession on session null to remote] http.headers 136 - http-outgoing-1 >> Content-Type: application/json; charset=utf-8
01-03-2022 16:28:45 LoggingManagedHttpClientConnection.java DEBUG [Forwarding newSession on session null to remote] http.headers 136 - http-outgoing-1 >> Content-Length: 335
01-03-2022 16:28:45 LoggingManagedHttpClientConnection.java DEBUG [Forwarding newSession on session null to remote] http.headers 136 - http-outgoing-1 >> Host: localhost:19403
01-03-2022 16:28:45 LoggingManagedHttpClientConnection.java DEBUG [Forwarding newSession on session null to remote] http.headers 136 - http-outgoing-1 >> Connection: Keep-Alive
01-03-2022 16:28:45 LoggingManagedHttpClientConnection.java DEBUG [Forwarding newSession on session null to remote] http.headers 136 - http-outgoing-1 >> User-Agent: Apache-HttpClient/4.5.3 (Java/1.8.0_202)
01-03-2022 16:28:45 LoggingManagedHttpClientConnection.java DEBUG [Forwarding newSession on session null to remote] http.headers 136 - http-outgoing-1 >> Accept-Encoding: gzip,deflate
01-03-2022 16:28:45 Wire.java DEBUG [Forwarding newSession on session null to remote] http.wire 73 - http-outgoing-1 >> "POST /session HTTP/1.1[\r][\n]"
01-03-2022 16:28:45 Wire.java DEBUG [Forwarding newSession on session null to remote] http.wire 73 - http-outgoing-1 >> "Content-Type: application/json; charset=utf-8[\r][\n]"
01-03-2022 16:28:45 Wire.java DEBUG [Forwarding newSession on session null to remote] http.wire 73 - http-outgoing-1 >> "Content-Length: 335[\r][\n]"
01-03-2022 16:28:45 Wire.java DEBUG [Forwarding newSession on session null to remote] http.wire 73 - http-outgoing-1 >> "Host: localhost:19403[\r][\n]"
01-03-2022 16:28:45 Wire.java DEBUG [Forwarding newSession on session null to remote] http.wire 73 - http-outgoing-1 >> "Connection: Keep-Alive[\r][\n]"
01-03-2022 16:28:45 Wire.java DEBUG [Forwarding newSession on session null to remote] http.wire 73 - http-outgoing-1 >> "User-Agent: Apache-HttpClient/4.5.3 (Java/1.8.0_202)[\r][\n]"
01-03-2022 16:28:45 Wire.java DEBUG [Forwarding newSession on session null to remote] http.wire 73 - http-outgoing-1 >> "Accept-Encoding: gzip,deflate[\r][\n]"
01-03-2022 16:28:45 Wire.java DEBUG [Forwarding newSession on session null to remote] http.wire 73 - http-outgoing-1 >> "[\r][\n]"
01-03-2022 16:28:45 Wire.java DEBUG [Forwarding newSession on session null to remote] http.wire 73 - http-outgoing-1 >> "{[\n]"
01-03-2022 16:28:45 Wire.java DEBUG [Forwarding newSession on session null to remote] http.wire 73 - http-outgoing-1 >> "  "desiredCapabilities": {"browserName":"chrome","goog:chromeOptions":{"args":[],"extensions":[]}},[\n]"
01-03-2022 16:28:45 Wire.java DEBUG [Forwarding newSession on session null to remote] http.wire 73 - http-outgoing-1 >> "  "capabilities": {[\n]"
01-03-2022 16:28:45 Wire.java DEBUG [Forwarding newSession on session null to remote] http.wire 73 - http-outgoing-1 >> "    "desiredCapabilities": {"browserName":"chrome","goog:chromeOptions":{"args":[],"extensions":[]}},[\n]"
01-03-2022 16:28:45 Wire.java DEBUG [Forwarding newSession on session null to remote] http.wire 73 - http-outgoing-1 >> "    "firstMatch": [[\n]"
01-03-2022 16:28:45 Wire.java DEBUG [Forwarding newSession on session null to remote] http.wire 73 - http-outgoing-1 >> "      {"browserName":"chrome","goog:chromeOptions":{"args":[],"extensions":[]}}[\n]"
01-03-2022 16:28:45 Wire.java DEBUG [Forwarding newSession on session null to remote] http.wire 73 - http-outgoing-1 >> "    ][\n]"
01-03-2022 16:28:45 Wire.java DEBUG [Forwarding newSession on session null to remote] http.wire 73 - http-outgoing-1 >> "  }[\n]"
01-03-2022 16:28:45 Wire.java DEBUG [Forwarding newSession on session null to remote] http.wire 87 - http-outgoing-1 >> "}"
01-03-2022 16:28:46 Wire.java DEBUG [Forwarding newSession on session null to remote] http.wire 73 - http-outgoing-1 << "HTTP/1.1 200 OK[\r][\n]"
01-03-2022 16:28:46 Wire.java DEBUG [Forwarding newSession on session null to remote] http.wire 73 - http-outgoing-1 << "Content-Length:787[\r][\n]"
01-03-2022 16:28:46 Wire.java DEBUG [Forwarding newSession on session null to remote] http.wire 73 - http-outgoing-1 << "Content-Type:application/json; charset=utf-8[\r][\n]"
01-03-2022 16:28:46 Wire.java DEBUG [Forwarding newSession on session null to remote] http.wire 73 - http-outgoing-1 << "cache-control:no-cache[\r][\n]"
01-03-2022 16:28:46 Wire.java DEBUG [Forwarding newSession on session null to remote] http.wire 73 - http-outgoing-1 << "[\r][\n]"
01-03-2022 16:28:46 Wire.java DEBUG [Forwarding newSession on session null to remote] http.wire 87 - http-outgoing-1 << "{"value":{"capabilities":{"acceptInsecureCerts":false,"browserName":"chrome","browserVersion":"96.0.4664.110","chrome":{"chromedriverVersion":"96.0.4664.45 (76e4c1bb2ab4671b8beba3444e61c0f17584b2fc-refs/branch-heads/4664@{#947})","userDataDir":"C:\\Users\\adm\\AppData\\Local\\Temp\\scoped_dir13164_1328530987"},"goog:chromeOptions":{"debuggerAddress":"localhost:54072"},"networkConnectionEnabled":false,"pageLoadStrategy":"normal","platformName":"windows","proxy":{},"setWindowRect":true,"strictFileInteractability":false,"timeouts":{"implicit":0,"pageLoad":300000,"script":30000},"unhandledPromptBehavior":"dismiss and notify","webauthn:extension:credBlob":true,"webauthn:extension:largeBlob":true,"webauthn:virtualAuthenticators":true},"sessionId":"4bd6c0235eb165893cf9c8fbc02e9d5e"}}"
01-03-2022 16:28:46 LoggingManagedHttpClientConnection.java DEBUG [Forwarding newSession on session null to remote] http.headers 122 - http-outgoing-1 << HTTP/1.1 200 OK
01-03-2022 16:28:46 LoggingManagedHttpClientConnection.java DEBUG [Forwarding newSession on session null to remote] http.headers 125 - http-outgoing-1 << Content-Length:787
01-03-2022 16:28:46 LoggingManagedHttpClientConnection.java DEBUG [Forwarding newSession on session null to remote] http.headers 125 - http-outgoing-1 << Content-Type:application/json; charset=utf-8
01-03-2022 16:28:46 LoggingManagedHttpClientConnection.java DEBUG [Forwarding newSession on session null to remote] http.headers 125 - http-outgoing-1 << cache-control:no-cache
01-03-2022 16:28:46 MainClientExec.java DEBUG [Forwarding newSession on session null to remote] execchain.MainClientExec 285 - Connection can be kept alive indefinitely
01-03-2022 16:28:46 PoolingHttpClientConnectionManager.java DEBUG [Forwarding newSession on session null to remote] conn.PoolingHttpClientConnectionManager 320 - Connection [id: 1][route: {}->http://localhost:19403] can be kept alive indefinitely
01-03-2022 16:28:46 PoolingHttpClientConnectionManager.java DEBUG [Forwarding newSession on session null to remote] conn.PoolingHttpClientConnectionManager 326 - Connection released: [id: 1][route: {}->http://localhost:19403][total kept alive: 2; route allocated: 1 of 2000; total allocated: 2 of 2000]
01-03-2022 16:28:46 RequestAddCookies.java DEBUG [Forwarding deleteAllCookies on session 4bd6c0235eb165893cf9c8fbc02e9d5e to remote] protocol.RequestAddCookies 123 - CookieSpec selected: default
01-03-2022 16:28:46 RequestAuthCache.java DEBUG [Forwarding deleteAllCookies on session 4bd6c0235eb165893cf9c8fbc02e9d5e to remote] protocol.RequestAuthCache 77 - Auth cache not set in the context
01-03-2022 16:28:46 PoolingHttpClientConnectionManager.java DEBUG [Forwarding deleteAllCookies on session 4bd6c0235eb165893cf9c8fbc02e9d5e to remote] conn.PoolingHttpClientConnectionManager 255 - Connection request: [route: {}->http://localhost:19403][total kept alive: 2; route allocated: 1 of 2000; total allocated: 2 of 2000]
01-03-2022 16:28:46 PoolingHttpClientConnectionManager.java DEBUG [Forwarding deleteAllCookies on session 4bd6c0235eb165893cf9c8fbc02e9d5e to remote] conn.PoolingHttpClientConnectionManager 288 - Connection leased: [id: 1][route: {}->http://localhost:19403][total kept alive: 1; route allocated: 1 of 2000; total allocated: 2 of 2000]
01-03-2022 16:28:46 MainClientExec.java DEBUG [Forwarding deleteAllCookies on session 4bd6c0235eb165893cf9c8fbc02e9d5e to remote] execchain.MainClientExec 208 - Stale connection check
01-03-2022 16:28:46 Wire.java DEBUG [Forwarding deleteAllCookies on session 4bd6c0235eb165893cf9c8fbc02e9d5e to remote] http.wire 87 - http-outgoing-1 << "[read] I/O error: Read timed out"
01-03-2022 16:28:46 LoggingManagedHttpClientConnection.java DEBUG [Forwarding deleteAllCookies on session 4bd6c0235eb165893cf9c8fbc02e9d5e to remote] conn.DefaultManagedHttpClientConnection 88 - http-outgoing-1: set socket timeout to 10800000
01-03-2022 16:28:46 MainClientExec.java DEBUG [Forwarding deleteAllCookies on session 4bd6c0235eb165893cf9c8fbc02e9d5e to remote] execchain.MainClientExec 256 - Executing request DELETE /session/4bd6c0235eb165893cf9c8fbc02e9d5e/cookie HTTP/1.1
01-03-2022 16:28:46 MainClientExec.java DEBUG [Forwarding deleteAllCookies on session 4bd6c0235eb165893cf9c8fbc02e9d5e to remote] execchain.MainClientExec 261 - Target auth state: UNCHALLENGED
01-03-2022 16:28:46 MainClientExec.java DEBUG [Forwarding deleteAllCookies on session 4bd6c0235eb165893cf9c8fbc02e9d5e to remote] execchain.MainClientExec 267 - Proxy auth state: UNCHALLENGED
01-03-2022 16:28:46 LoggingManagedHttpClientConnection.java DEBUG [Forwarding deleteAllCookies on session 4bd6c0235eb165893cf9c8fbc02e9d5e to remote] http.headers 133 - http-outgoing-1 >> DELETE /session/4bd6c0235eb165893cf9c8fbc02e9d5e/cookie HTTP/1.1
01-03-2022 16:28:46 LoggingManagedHttpClientConnection.java DEBUG [Forwarding deleteAllCookies on session 4bd6c0235eb165893cf9c8fbc02e9d5e to remote] http.headers 136 - http-outgoing-1 >> Host: localhost:19403
01-03-2022 16:28:46 LoggingManagedHttpClientConnection.java DEBUG [Forwarding deleteAllCookies on session 4bd6c0235eb165893cf9c8fbc02e9d5e to remote] http.headers 136 - http-outgoing-1 >> Connection: Keep-Alive
01-03-2022 16:28:46 LoggingManagedHttpClientConnection.java DEBUG [Forwarding deleteAllCookies on session 4bd6c0235eb165893cf9c8fbc02e9d5e to remote] http.headers 136 - http-outgoing-1 >> User-Agent: Apache-HttpClient/4.5.3 (Java/1.8.0_202)
01-03-2022 16:28:46 LoggingManagedHttpClientConnection.java DEBUG [Forwarding deleteAllCookies on session 4bd6c0235eb165893cf9c8fbc02e9d5e to remote] http.headers 136 - http-outgoing-1 >> Accept-Encoding: gzip,deflate
01-03-2022 16:28:46 Wire.java DEBUG [Forwarding deleteAllCookies on session 4bd6c0235eb165893cf9c8fbc02e9d5e to remote] http.wire 73 - http-outgoing-1 >> "DELETE /session/4bd6c0235eb165893cf9c8fbc02e9d5e/cookie HTTP/1.1[\r][\n]"
01-03-2022 16:28:46 Wire.java DEBUG [Forwarding deleteAllCookies on session 4bd6c0235eb165893cf9c8fbc02e9d5e to remote] http.wire 73 - http-outgoing-1 >> "Host: localhost:19403[\r][\n]"
01-03-2022 16:28:46 Wire.java DEBUG [Forwarding deleteAllCookies on session 4bd6c0235eb165893cf9c8fbc02e9d5e to remote] http.wire 73 - http-outgoing-1 >> "Connection: Keep-Alive[\r][\n]"
01-03-2022 16:28:46 Wire.java DEBUG [Forwarding deleteAllCookies on session 4bd6c0235eb165893cf9c8fbc02e9d5e to remote] http.wire 73 - http-outgoing-1 >> "User-Agent: Apache-HttpClient/4.5.3 (Java/1.8.0_202)[\r][\n]"
01-03-2022 16:28:46 Wire.java DEBUG [Forwarding deleteAllCookies on session 4bd6c0235eb165893cf9c8fbc02e9d5e to remote] http.wire 73 - http-outgoing-1 >> "Accept-Encoding: gzip,deflate[\r][\n]"
01-03-2022 16:28:46 Wire.java DEBUG [Forwarding deleteAllCookies on session 4bd6c0235eb165893cf9c8fbc02e9d5e to remote] http.wire 73 - http-outgoing-1 >> "[\r][\n]"
[...]
01-03-2022 16:31:20 Wire.java DEBUG [Forwarding sendKeysToElement on session 8d30f405c9928b65aa70d3d9f50cde25 to remote] http.wire 73 - http-outgoing-4 << "Content-Type:application/json; charset=utf-8[\r][\n]"
01-03-2022 16:31:20 Wire.java DEBUG [Forwarding sendKeysToElement on session 8d30f405c9928b65aa70d3d9f50cde25 to remote] http.wire 73 - http-outgoing-4 << "cache-control:no-cache[\r][\n]"
01-03-2022 16:31:20 Wire.java DEBUG [Forwarding sendKeysToElement on session 8d30f405c9928b65aa70d3d9f50cde25 to remote] http.wire 73 - http-outgoing-4 << "[\r][\n]"
01-03-2022 16:31:20 Wire.java DEBUG [Forwarding sendKeysToElement on session 8d30f405c9928b65aa70d3d9f50cde25 to remote] http.wire 87 - http-outgoing-4 << "{"value":null}"
01-03-2022 16:31:20 LoggingManagedHttpClientConnection.java DEBUG [Forwarding sendKeysToElement on session 8d30f405c9928b65aa70d3d9f50cde25 to remote] http.headers 122 - http-outgoing-4 << HTTP/1.1 200 OK
01-03-2022 16:31:20 LoggingManagedHttpClientConnection.java DEBUG [Forwarding sendKeysToElement on session 8d30f405c9928b65aa70d3d9f50cde25 to remote] http.headers 125 - http-outgoing-4 << Content-Length:14
01-03-2022 16:31:20 LoggingManagedHttpClientConnection.java DEBUG [Forwarding sendKeysToElement on session 8d30f405c9928b65aa70d3d9f50cde25 to remote] http.headers 125 - http-outgoing-4 << Content-Type:application/json; charset=utf-8
01-03-2022 16:31:20 LoggingManagedHttpClientConnection.java DEBUG [Forwarding sendKeysToElement on session 8d30f405c9928b65aa70d3d9f50cde25 to remote] http.headers 125 - http-outgoing-4 << cache-control:no-cache
01-03-2022 16:31:20 MainClientExec.java DEBUG [Forwarding sendKeysToElement on session 8d30f405c9928b65aa70d3d9f50cde25 to remote] execchain.MainClientExec 285 - Connection can be kept alive indefinitely
01-03-2022 16:31:20 PoolingHttpClientConnectionManager.java DEBUG [Forwarding sendKeysToElement on session 8d30f405c9928b65aa70d3d9f50cde25 to remote] conn.PoolingHttpClientConnectionManager 320 - Connection [id: 4][route: {}->http://localhost:29556] can be kept alive indefinitely
01-03-2022 16:31:20 PoolingHttpClientConnectionManager.java DEBUG [Forwarding sendKeysToElement on session 8d30f405c9928b65aa70d3d9f50cde25 to remote] conn.PoolingHttpClientConnectionManager 326 - Connection released: [id: 4][route: {}->http://localhost:29556][total kept alive: 5; route allocated: 1 of 2000; total allocated: 5 of 2000]
Trying to find Element By : By.id: your-message
01-03-2022 16:31:20 RequestAddCookies.java DEBUG [Forwarding findElement on session 8d30f405c9928b65aa70d3d9f50cde25 to remote] protocol.RequestAddCookies 123 - CookieSpec selected: default
01-03-2022 16:31:20 RequestAuthCache.java DEBUG [Forwarding findElement on session 8d30f405c9928b65aa70d3d9f50cde25 to remote] protocol.RequestAuthCache 77 - Auth cache not set in the context
01-03-2022 16:31:20 PoolingHttpClientConnectionManager.java DEBUG [Forwarding findElement on session 8d30f405c9928b65aa70d3d9f50cde25 to remote] conn.PoolingHttpClientConnectionManager 255 - Connection request: [route: {}->http://localhost:29556][total kept alive: 5; route allocated: 1 of 2000; total allocated: 5 of 2000]
01-03-2022 16:31:20 PoolingHttpClientConnectionManager.java DEBUG [Forwarding findElement on session 8d30f405c9928b65aa70d3d9f50cde25 to remote] conn.PoolingHttpClientConnectionManager 288 - Connection leased: [id: 4][route: {}->http://localhost:29556][total kept alive: 4; route allocated: 1 of 2000; total allocated: 5 of 2000]
01-03-2022 16:31:20 MainClientExec.java DEBUG [Forwarding findElement on session 8d30f405c9928b65aa70d3d9f50cde25 to remote] execchain.MainClientExec 208 - Stale connection check
01-03-2022 16:31:20 Wire.java DEBUG [Forwarding findElement on session 8d30f405c9928b65aa70d3d9f50cde25 to remote] http.wire 87 - http-outgoing-4 << "[read] I/O error: Read timed out"
01-03-2022 16:31:20 LoggingManagedHttpClientConnection.java DEBUG [Forwarding findElement on session 8d30f405c9928b65aa70d3d9f50cde25 to remote] conn.DefaultManagedHttpClientConnection 88 - http-outgoing-4: set socket timeout to 10800000
01-03-2022 16:31:20 MainClientExec.java DEBUG [Forwarding findElement on session 8d30f405c9928b65aa70d3d9f50cde25 to remote] execchain.MainClientExec 256 - Executing request POST /session/8d30f405c9928b65aa70d3d9f50cde25/element HTTP/1.1
01-03-2022 16:31:20 MainClientExec.java DEBUG [Forwarding findElement on session 8d30f405c9928b65aa70d3d9f50cde25 to remote] execchain.MainClientExec 261 - Target auth state: UNCHALLENGED
01-03-2022 16:31:20 MainClientExec.java DEBUG [Forwarding findElement on session 8d30f405c9928b65aa70d3d9f50cde25 to remote] execchain.MainClientExec 267 - Proxy auth state: UNCHALLENGED
01-03-2022 16:31:20 LoggingManagedHttpClientConnection.java DEBUG [Forwarding findElement on session 8d30f405c9928b65aa70d3d9f50cde25 to remote] http.headers 133 - http-outgoing-4 >> POST /session/8d30f405c9928b65aa70d3d9f50cde25/element HTTP/1.1
01-03-2022 16:31:20 LoggingManagedHttpClientConnection.java DEBUG [Forwarding findElement on session 8d30f405c9928b65aa70d3d9f50cde25 to remote] http.headers 136 - http-outgoing-4 >> Content-Type: application/json; charset=utf-8
01-03-2022 16:31:20 LoggingManagedHttpClientConnection.java DEBUG [Forwarding findElement on session 8d30f405c9928b65aa70d3d9f50cde25 to remote] http.headers 136 - http-outgoing-4 >> Content-Length: 50
01-03-2022 16:31:20 LoggingManagedHttpClientConnection.java DEBUG [Forwarding findElement on session 8d30f405c9928b65aa70d3d9f50cde25 to remote] http.headers 136 - http-outgoing-4 >> Host: localhost:29556
01-03-2022 16:31:20 LoggingManagedHttpClientConnection.java DEBUG [Forwarding findElement on session 8d30f405c9928b65aa70d3d9f50cde25 to remote] http.headers 136 - http-outgoing-4 >> Connection: Keep-Alive
01-03-2022 16:31:20 LoggingManagedHttpClientConnection.java DEBUG [Forwarding findElement on session 8d30f405c9928b65aa70d3d9f50cde25 to remote] http.headers 136 - http-outgoing-4 >> User-Agent: Apache-HttpClient/4.5.3 (Java/1.8.0_202)
01-03-2022 16:31:20 LoggingManagedHttpClientConnection.java DEBUG [Forwarding findElement on session 8d30f405c9928b65aa70d3d9f50cde25 to remote] http.headers 136 - http-outgoing-4 >> Accept-Encoding: gzip,deflate
01-03-2022 16:31:20 Wire.java DEBUG [Forwarding findElement on session 8d30f405c9928b65aa70d3d9f50cde25 to remote] http.wire 73 - http-outgoing-4 >> "POST /session/8d30f405c9928b65aa70d3d9f50cde25/element HTTP/1.1[\r][\n]"
01-03-2022 16:31:20 Wire.java DEBUG [Forwarding findElement on session 8d30f405c9928b65aa70d3d9f50cde25 to remote] http.wire 73 - http-outgoing-4 >> "Content-Type: application/json; charset=utf-8[\r][\n]"
01-03-2022 16:31:20 Wire.java DEBUG [Forwarding findElement on session 8d30f405c9928b65aa70d3d9f50cde25 to remote] http.wire 73 - http-outgoing-4 >> "Content-Length: 50[\r][\n]"
01-03-2022 16:31:20 Wire.java DEBUG [Forwarding findElement on session 8d30f405c9928b65aa70d3d9f50cde25 to remote] http.wire 73 - http-outgoing-4 >> "Host: localhost:29556[\r][\n]"
01-03-2022 16:31:20 Wire.java DEBUG [Forwarding findElement on session 8d30f405c9928b65aa70d3d9f50cde25 to remote] http.wire 73 - http-outgoing-4 >> "Connection: Keep-Alive[\r][\n]"
01-03-2022 16:31:20 Wire.java DEBUG [Forwarding findElement on session 8d30f405c9928b65aa70d3d9f50cde25 to remote] http.wire 73 - http-outgoing-4 >> "User-Agent: Apache-HttpClient/4.5.3 (Java/1.8.0_202)[\r][\n]"
01-03-2022 16:31:20 Wire.java DEBUG [Forwarding findElement on session 8d30f405c9928b65aa70d3d9f50cde25 to remote] http.wire 73 - http-outgoing-4 >> "Accept-Encoding: gzip,deflate[\r][\n]"
01-03-2022 16:31:20 Wire.java DEBUG [Forwarding findElement on session 8d30f405c9928b65aa70d3d9f50cde25 to remote] http.wire 73 - http-outgoing-4 >> "[\r][\n]"
01-03-2022 16:31:20 Wire.java DEBUG [Forwarding findElement on session 8d30f405c9928b65aa70d3d9f50cde25 to remote] http.wire 87 - http-outgoing-4 >> "{"value":"#your\\-message","using":"css selector"}"
01-03-2022 16:31:20 Wire.java DEBUG [Forwarding findElement on session 8d30f405c9928b65aa70d3d9f50cde25 to remote] http.wire 73 - http-outgoing-4 << "HTTP/1.1 200 OK[\r][\n]"
01-03-2022 16:31:20 Wire.java DEBUG [Forwarding findElement on session 8d30f405c9928b65aa70d3d9f50cde25 to remote] http.wire 73 - http-outgoing-4 << "Content-Length:88[\r][\n]"
01-03-2022 16:31:20 Wire.java DEBUG [Forwarding findElement on session 8d30f405c9928b65aa70d3d9f50cde25 to remote] http.wire 73 - http-outgoing-4 << "Content-Type:application/json; charset=utf-8[\r][\n]"
01-03-2022 16:31:20 Wire.java DEBUG [Forwarding findElement on session 8d30f405c9928b65aa70d3d9f50cde25 to remote] http.wire 73 - http-outgoing-4 << "cache-control:no-cache[\r][\n]"
01-03-2022 16:31:20 Wire.java DEBUG [Forwarding findElement on session 8d30f405c9928b65aa70d3d9f50cde25 to remote] http.wire 73 - http-outgoing-4 << "[\r][\n]"
01-03-2022 16:31:20 Wire.java DEBUG [Forwarding findElement on session 8d30f405c9928b65aa70d3d9f50cde25 to remote] http.wire 87 - http-outgoing-4 << "{"value":{"element-6066-11e4-a52e-4f735466cecf":"d92cdc6e-0318-4a74-a004-34ec17cb919d"}}"
01-03-2022 16:31:20 LoggingManagedHttpClientConnection.java DEBUG [Forwarding findElement on session 8d30f405c9928b65aa70d3d9f50cde25 to remote] http.headers 122 - http-outgoing-4 << HTTP/1.1 200 OK
01-03-2022 16:31:20 LoggingManagedHttpClientConnection.java DEBUG [Forwarding findElement on session 8d30f405c9928b65aa70d3d9f50cde25 to remote] http.headers 125 - http-outgoing-4 << Content-Length:88
01-03-2022 16:31:20 LoggingManagedHttpClientConnection.java DEBUG [Forwarding findElement on session 8d30f405c9928b65aa70d3d9f50cde25 to remote] http.headers 125 - http-outgoing-4 << Content-Type:application/json; charset=utf-8
01-03-2022 16:31:20 LoggingManagedHttpClientConnection.java DEBUG [Forwarding findElement on session 8d30f405c9928b65aa70d3d9f50cde25 to remote] http.headers 125 - http-outgoing-4 << cache-control:no-cache
01-03-2022 16:31:20 MainClientExec.java DEBUG [Forwarding findElement on session 8d30f405c9928b65aa70d3d9f50cde25 to remote] execchain.MainClientExec 285 - Connection can be kept alive indefinitely
01-03-2022 16:31:20 PoolingHttpClientConnectionManager.java DEBUG [Forwarding findElement on session 8d30f405c9928b65aa70d3d9f50cde25 to remote] conn.PoolingHttpClientConnectionManager 320 - Connection [id: 4][route: {}->http://localhost:29556] can be kept alive indefinitely
01-03-2022 16:31:20 PoolingHttpClientConnectionManager.java DEBUG [Forwarding findElement on session 8d30f405c9928b65aa70d3d9f50cde25 to remote] conn.PoolingHttpClientConnectionManager 326 - Connection released: [id: 4][route: {}->http://localhost:29556][total kept alive: 5; route allocated: 1 of 2000; total allocated: 5 of 2000]
Found Element By : By.id: your-message
01-03-2022 16:31:20 RequestAddCookies.java DEBUG [Forwarding sendKeysToElement on session 8d30f405c9928b65aa70d3d9f50cde25 to remote] protocol.RequestAddCookies 123 - CookieSpec selected: default
01-03-2022 16:31:20 RequestAuthCache.java DEBUG [Forwarding sendKeysToElement on session 8d30f405c9928b65aa70d3d9f50cde25 to remote] protocol.RequestAuthCache 77 - Auth cache not set in the context
01-03-2022 16:31:20 PoolingHttpClientConnectionManager.java DEBUG [Forwarding sendKeysToElement on session 8d30f405c9928b65aa70d3d9f50cde25 to remote] conn.PoolingHttpClientConnectionManager 255 - Connection request: [route: {}->http://localhost:29556][total kept alive: 5; route allocated: 1 of 2000; total allocated: 5 of 2000]
01-03-2022 16:31:20 PoolingHttpClientConnectionManager.java DEBUG [Forwarding sendKeysToElement on session 8d30f405c9928b65aa70d3d9f50cde25 to remote] conn.PoolingHttpClientConnectionManager 288 - Connection leased: [id: 4][route: {}->http://localhost:29556][total kept alive: 4; route allocated: 1 of 2000; total allocated: 5 of 2000]
01-03-2022 16:31:20 MainClientExec.java DEBUG [Forwarding sendKeysToElement on session 8d30f405c9928b65aa70d3d9f50cde25 to remote] execchain.MainClientExec 208 - Stale connection check
01-03-2022 16:31:20 Wire.java DEBUG [Forwarding sendKeysToElement on session 8d30f405c9928b65aa70d3d9f50cde25 to remote] http.wire 87 - http-outgoing-4 << "[read] I/O error: Read timed out"
01-03-2022 16:31:20 LoggingManagedHttpClientConnection.java DEBUG [Forwarding sendKeysToElement on session 8d30f405c9928b65aa70d3d9f50cde25 to remote] conn.DefaultManagedHttpClientConnection 88 - http-outgoing-4: set socket timeout to 10800000
01-03-2022 16:31:20 MainClientExec.java DEBUG [Forwarding sendKeysToElement on session 8d30f405c9928b65aa70d3d9f50cde25 to remote] execchain.MainClientExec 256 - Executing request POST /session/8d30f405c9928b65aa70d3d9f50cde25/element/d92cdc6e-0318-4a74-a004-34ec17cb919d/value HTTP/1.1
01-03-2022 16:31:20 MainClientExec.java DEBUG [Forwarding sendKeysToElement on session 8d30f405c9928b65aa70d3d9f50cde25 to remote] execchain.MainClientExec 261 - Target auth state: UNCHALLENGED
01-03-2022 16:31:20 MainClientExec.java DEBUG [Forwarding sendKeysToElement on session 8d30f405c9928b65aa70d3d9f50cde25 to remote] execchain.MainClientExec 267 - Proxy auth state: UNCHALLENGED
01-03-2022 16:31:20 LoggingManagedHttpClientConnection.java DEBUG [Forwarding sendKeysToElement on session 8d30f405c9928b65aa70d3d9f50cde25 to remote] http.headers 133 - http-outgoing-4 >> POST /session/8d30f405c9928b65aa70d3d9f50cde25/element/d92cdc6e-0318-4a74-a004-34ec17cb919d/value HTTP/1.1
01-03-2022 16:31:20 LoggingManagedHttpClientConnection.java DEBUG [Forwarding sendKeysToElement on session 8d30f405c9928b65aa70d3d9f50cde25 to remote] http.headers 136 - http-outgoing-4 >> Content-Type: application/json; charset=utf-8
01-03-2022 16:31:20 LoggingManagedHttpClientConnection.java DEBUG [Forwarding sendKeysToElement on session 8d30f405c9928b65aa70d3d9f50cde25 to remote] http.headers 136 - http-outgoing-4 >> Content-Length: 105
01-03-2022 16:31:20 LoggingManagedHttpClientConnection.java DEBUG [Forwarding sendKeysToElement on session 8d30f405c9928b65aa70d3d9f50cde25 to remote] http.headers 136 - http-outgoing-4 >> Host: localhost:29556
01-03-2022 16:31:20 LoggingManagedHttpClientConnection.java DEBUG [Forwarding sendKeysToElement on session 8d30f405c9928b65aa70d3d9f50cde25 to remote] http.headers 136 - http-outgoing-4 >> Connection: Keep-Alive
01-03-2022 16:31:20 LoggingManagedHttpClientConnection.java DEBUG [Forwarding sendKeysToElement on session 8d30f405c9928b65aa70d3d9f50cde25 to remote] http.headers 136 - http-outgoing-4 >> User-Agent: Apache-HttpClient/4.5.3 (Java/1.8.0_202)
01-03-2022 16:31:20 LoggingManagedHttpClientConnection.java DEBUG [Forwarding sendKeysToElement on session 8d30f405c9928b65aa70d3d9f50cde25 to remote] http.headers 136 - http-outgoing-4 >> Accept-Encoding: gzip,deflate
01-03-2022 16:31:20 Wire.java DEBUG [Forwarding sendKeysToElement on session 8d30f405c9928b65aa70d3d9f50cde25 to remote] http.wire 73 - http-outgoing-4 >> "POST /session/8d30f405c9928b65aa70d3d9f50cde25/element/d92cdc6e-0318-4a74-a004-34ec17cb919d/value HTTP/1.1[\r][\n]"
01-03-2022 16:31:20 Wire.java DEBUG [Forwarding sendKeysToElement on session 8d30f405c9928b65aa70d3d9f50cde25 to remote] http.wire 73 - http-outgoing-4 >> "Content-Type: application/json; charset=utf-8[\r][\n]"
01-03-2022 16:31:20 Wire.java DEBUG [Forwarding sendKeysToElement on session 8d30f405c9928b65aa70d3d9f50cde25 to remote] http.wire 73 - http-outgoing-4 >> "Content-Length: 105[\r][\n]"
01-03-2022 16:31:20 Wire.java DEBUG [Forwarding sendKeysToElement on session 8d30f405c9928b65aa70d3d9f50cde25 to remote] http.wire 73 - http-outgoing-4 >> "Host: localhost:29556[\r][\n]"
01-03-2022 16:31:20 Wire.java DEBUG [Forwarding sendKeysToElement on session 8d30f405c9928b65aa70d3d9f50cde25 to remote] http.wire 73 - http-outgoing-4 >> "Connection: Keep-Alive[\r][\n]"
01-03-2022 16:31:20 Wire.java DEBUG [Forwarding sendKeysToElement on session 8d30f405c9928b65aa70d3d9f50cde25 to remote] http.wire 73 - http-outgoing-4 >> "User-Agent: Apache-HttpClient/4.5.3 (Java/1.8.0_202)[\r][\n]"
01-03-2022 16:31:20 Wire.java DEBUG [Forwarding sendKeysToElement on session 8d30f405c9928b65aa70d3d9f50cde25 to remote] http.wire 73 - http-outgoing-4 >> "Accept-Encoding: gzip,deflate[\r][\n]"
01-03-2022 16:31:20 Wire.java DEBUG [Forwarding sendKeysToElement on session 8d30f405c9928b65aa70d3d9f50cde25 to remote] http.wire 73 - http-outgoing-4 >> "[\r][\n]"
01-03-2022 16:31:20 Wire.java DEBUG [Forwarding sendKeysToElement on session 8d30f405c9928b65aa70d3d9f50cde25 to remote] http.wire 87 - http-outgoing-4 >> "{"id":"d92cdc6e-0318-4a74-a004-34ec17cb919d","text":"wellcome","value":["w","e","l","l","c","o","m","e"]}"
01-03-2022 16:31:20 Wire.java DEBUG [Forwarding sendKeysToElement on session 8d30f405c9928b65aa70d3d9f50cde25 to remote] http.wire 73 - http-outgoing-4 << "HTTP/1.1 200 OK[\r][\n]"
01-03-2022 16:31:20 Wire.java DEBUG [Forwarding sendKeysToElement on session 8d30f405c9928b65aa70d3d9f50cde25 to remote] http.wire 73 - http-outgoing-4 << "Content-Length:14[\r][\n]"
01-03-2022 16:31:20 Wire.java DEBUG [Forwarding sendKeysToElement on session 8d30f405c9928b65aa70d3d9f50cde25 to remote] http.wire 73 - http-outgoing-4 << "Content-Type:application/json; charset=utf-8[\r][\n]"
01-03-2022 16:31:20 Wire.java DEBUG [Forwarding sendKeysToElement on session 8d30f405c9928b65aa70d3d9f50cde25 to remote] http.wire 73 - http-outgoing-4 << "cache-control:no-cache[\r][\n]"
01-03-2022 16:31:20 Wire.java DEBUG [Forwarding sendKeysToElement on session 8d30f405c9928b65aa70d3d9f50cde25 to remote] http.wire 73 - http-outgoing-4 << "[\r][\n]"
01-03-2022 16:31:20 Wire.java DEBUG [Forwarding sendKeysToElement on session 8d30f405c9928b65aa70d3d9f50cde25 to remote] http.wire 87 - http-outgoing-4 << "{"value":null}"
01-03-2022 16:31:20 LoggingManagedHttpClientConnection.java DEBUG [Forwarding sendKeysToElement on session 8d30f405c9928b65aa70d3d9f50cde25 to remote] http.headers 122 - http-outgoing-4 << HTTP/1.1 200 OK
01-03-2022 16:31:20 LoggingManagedHttpClientConnection.java DEBUG [Forwarding sendKeysToElement on session 8d30f405c9928b65aa70d3d9f50cde25 to remote] http.headers 125 - http-outgoing-4 << Content-Length:14
01-03-2022 16:31:20 LoggingManagedHttpClientConnection.java DEBUG [Forwarding sendKeysToElement on session 8d30f405c9928b65aa70d3d9f50cde25 to remote] http.headers 125 - http-outgoing-4 << Content-Type:application/json; charset=utf-8
01-03-2022 16:31:20 LoggingManagedHttpClientConnection.java DEBUG [Forwarding sendKeysToElement on session 8d30f405c9928b65aa70d3d9f50cde25 to remote] http.headers 125 - http-outgoing-4 << cache-control:no-cache
01-03-2022 16:31:20 MainClientExec.java DEBUG [Forwarding sendKeysToElement on session 8d30f405c9928b65aa70d3d9f50cde25 to remote] execchain.MainClientExec 285 - Connection can be kept alive indefinitely
01-03-2022 16:31:20 PoolingHttpClientConnectionManager.java DEBUG [Forwarding sendKeysToElement on session 8d30f405c9928b65aa70d3d9f50cde25 to remote] conn.PoolingHttpClientConnectionManager 320 - Connection [id: 4][route: {}->http://localhost:29556] can be kept alive indefinitely
01-03-2022 16:31:20 PoolingHttpClientConnectionManager.java DEBUG [Forwarding sendKeysToElement on session 8d30f405c9928b65aa70d3d9f50cde25 to remote] conn.PoolingHttpClientConnectionManager 326 - Connection released: [id: 4][route: {}->http://localhost:29556][total kept alive: 5; route allocated: 1 of 2000; total allocated: 5 of 2000]
]]></system-out>
    <system-err><![CDATA[Starting ChromeDriver 96.0.4664.45 (76e4c1bb2ab4671b8beba3444e61c0f17584b2fc-refs/branch-heads/4664@{#947}) on port 29556
Only local connections are allowed.
Please see https://chromedriver.chromium.org/security-considerations for suggestions on keeping ChromeDriver safe.
ChromeDriver was started successfully.
Jan 03, 2022 4:30:49 PM org.openqa.selenium.remote.ProtocolHandshake createSession
INFO: Detected dialect: W3C
]]></system-err>
  </testcase>
</testsuite>