<?xml version="1.0" encoding="UTF-8"?>
<testng-results skipped="0" failed="0" total="5" passed="5">
  <reporter-output>
  </reporter-output>
  <suite name="Kolhapur Automation Test Suite" duration-ms="201470" started-at="2022-01-03T10:57:59Z" finished-at="2022-01-03T11:01:20Z">
    <groups>
    </groups>
    <test name="Kolhapur Automation" duration-ms="201470" started-at="2022-01-03T10:57:59Z" finished-at="2022-01-03T11:01:20Z">
      <class name="com.kolhapur.testcases.HomePageTest">
        <test-method status="PASS" signature="setup()[pri:0, instance:com.kolhapur.testcases.HomePageTest@59e84876]" name="setup" is-config="true" duration-ms="45535" started-at="2022-01-03T16:27:59Z" finished-at="2022-01-03T16:28:44Z">
          <reporter-output>
          </reporter-output>
        </test-method> <!-- setup -->
        <test-method status="PASS" signature="verify_newupdate_test()[pri:0, instance:com.kolhapur.testcases.HomePageTest@59e84876]" name="verify_newupdate_test" duration-ms="96" started-at="2022-01-03T16:28:44Z" finished-at="2022-01-03T16:28:44Z">
          <reporter-output>
          </reporter-output>
        </test-method> <!-- verify_newupdate_test -->
        <test-method status="PASS" signature="teardown(org.testng.ITestResult)[pri:0, instance:com.kolhapur.testcases.HomePageTest@59e84876]" name="teardown" is-config="true" duration-ms="291" started-at="2022-01-03T16:28:44Z" finished-at="2022-01-03T16:28:45Z">
          <params>
            <param index="0">
              <value>
                <![CDATA[[TestResult name=verify_newupdate_test status=SUCCESS method=HomePageTest.verify_newupdate_test()[pri:0, instance:com.kolhapur.testcases.HomePageTest@59e84876] output={null}]]]>
              </value>
            </param>
          </params>
          <reporter-output>
          </reporter-output>
        </test-method> <!-- teardown -->
        <test-method status="PASS" signature="setup()[pri:0, instance:com.kolhapur.testcases.HomePageTest@59e84876]" name="setup" is-config="true" duration-ms="30548" started-at="2022-01-03T16:28:45Z" finished-at="2022-01-03T16:29:15Z">
          <reporter-output>
          </reporter-output>
        </test-method> <!-- setup -->
        <test-method status="PASS" signature="place_to_interest_test()[pri:0, instance:com.kolhapur.testcases.HomePageTest@59e84876]" name="place_to_interest_test" duration-ms="6796" started-at="2022-01-03T16:29:15Z" finished-at="2022-01-03T16:29:22Z">
          <reporter-output>
          </reporter-output>
        </test-method> <!-- place_to_interest_test -->
        <test-method status="PASS" signature="teardown(org.testng.ITestResult)[pri:0, instance:com.kolhapur.testcases.HomePageTest@59e84876]" name="teardown" is-config="true" duration-ms="147" started-at="2022-01-03T16:29:22Z" finished-at="2022-01-03T16:29:22Z">
          <params>
            <param index="0">
              <value>
                <![CDATA[[TestResult name=place_to_interest_test status=SUCCESS method=HomePageTest.place_to_interest_test()[pri:0, instance:com.kolhapur.testcases.HomePageTest@59e84876] output={null}]]]>
              </value>
            </param>
          </params>
          <reporter-output>
          </reporter-output>
        </test-method> <!-- teardown -->
      </class> <!-- com.kolhapur.testcases.HomePageTest -->
      <class name="com.kolhapur.testcases.FeedBackPageTest">
        <test-method status="PASS" signature="setup()[pri:0, instance:com.kolhapur.testcases.FeedBackPageTest@6a024a67]" name="setup" is-config="true" duration-ms="32373" started-at="2022-01-03T16:29:23Z" finished-at="2022-01-03T16:29:55Z">
          <reporter-output>
          </reporter-output>
        </test-method> <!-- setup -->
        <test-method status="PASS" signature="passdata_test(java.lang.String, java.lang.String, java.lang.String, java.lang.String)[pri:0, instance:com.kolhapur.testcases.FeedBackPageTest@6a024a67]" name="passdata_test" duration-ms="17140" started-at="2022-01-03T16:29:55Z" data-provider="passdata" finished-at="2022-01-03T16:30:12Z">
          <params>
            <param index="0">
              <value>
                <![CDATA[Ajay]]>
              </value>
            </param>
            <param index="1">
              <value>
                <![CDATA[ajay05@gmail.com]]>
              </value>
            </param>
            <param index="2">
              <value>
                <![CDATA[Math]]>
              </value>
            </param>
            <param index="3">
              <value>
                <![CDATA[hi]]>
              </value>
            </param>
          </params>
          <reporter-output>
          </reporter-output>
        </test-method> <!-- passdata_test -->
        <test-method status="PASS" signature="teardown(org.testng.ITestResult)[pri:0, instance:com.kolhapur.testcases.FeedBackPageTest@6a024a67]" name="teardown" is-config="true" duration-ms="101" started-at="2022-01-03T16:30:12Z" finished-at="2022-01-03T16:30:12Z">
          <params>
            <param index="0">
              <value>
                <![CDATA[[TestResult name=passdata_test status=SUCCESS method=FeedBackPageTest.passdata_test(java.lang.String, java.lang.String, java.lang.String, java.lang.String)[pri:0, instance:com.kolhapur.testcases.FeedBackPageTest@6a024a67] output={null}]]]>
              </value>
            </param>
          </params>
          <reporter-output>
          </reporter-output>
        </test-method> <!-- teardown -->
        <test-method status="PASS" signature="setup()[pri:0, instance:com.kolhapur.testcases.FeedBackPageTest@6a024a67]" name="setup" is-config="true" duration-ms="23399" started-at="2022-01-03T16:30:12Z" finished-at="2022-01-03T16:30:36Z">
          <reporter-output>
          </reporter-output>
        </test-method> <!-- setup -->
        <test-method status="PASS" signature="passdata_test(java.lang.String, java.lang.String, java.lang.String, java.lang.String)[pri:0, instance:com.kolhapur.testcases.FeedBackPageTest@6a024a67]" name="passdata_test" duration-ms="11767" started-at="2022-01-03T16:30:36Z" data-provider="passdata" finished-at="2022-01-03T16:30:48Z">
          <params>
            <param index="0">
              <value>
                <![CDATA[Kiran]]>
              </value>
            </param>
            <param index="1">
              <value>
                <![CDATA[kirangodse@gmailcom]]>
              </value>
            </param>
            <param index="2">
              <value>
                <![CDATA[English]]>
              </value>
            </param>
            <param index="3">
              <value>
                <![CDATA[hello]]>
              </value>
            </param>
          </params>
          <reporter-output>
          </reporter-output>
        </test-method> <!-- passdata_test -->
        <test-method status="PASS" signature="teardown(org.testng.ITestResult)[pri:0, instance:com.kolhapur.testcases.FeedBackPageTest@6a024a67]" name="teardown" is-config="true" duration-ms="84" started-at="2022-01-03T16:30:48Z" finished-at="2022-01-03T16:30:48Z">
          <params>
            <param index="0">
              <value>
                <![CDATA[[TestResult name=passdata_test status=SUCCESS method=FeedBackPageTest.passdata_test(java.lang.String, java.lang.String, java.lang.String, java.lang.String)[pri:0, instance:com.kolhapur.testcases.FeedBackPageTest@6a024a67] output={null}]]]>
              </value>
            </param>
          </params>
          <reporter-output>
          </reporter-output>
        </test-method> <!-- teardown -->
        <test-method status="PASS" signature="setup()[pri:0, instance:com.kolhapur.testcases.FeedBackPageTest@6a024a67]" name="setup" is-config="true" duration-ms="21955" started-at="2022-01-03T16:30:48Z" finished-at="2022-01-03T16:31:10Z">
          <reporter-output>
          </reporter-output>
        </test-method> <!-- setup -->
        <test-method status="PASS" signature="passdata_test(java.lang.String, java.lang.String, java.lang.String, java.lang.String)[pri:0, instance:com.kolhapur.testcases.FeedBackPageTest@6a024a67]" name="passdata_test" duration-ms="10590" started-at="2022-01-03T16:31:10Z" data-provider="passdata" finished-at="2022-01-03T16:31:20Z">
          <params>
            <param index="0">
              <value>
                <![CDATA[Shyam]]>
              </value>
            </param>
            <param index="1">
              <value>
                <![CDATA[shyamantarkar@yahoo.com]]>
              </value>
            </param>
            <param index="2">
              <value>
                <![CDATA[Bio]]>
              </value>
            </param>
            <param index="3">
              <value>
                <![CDATA[wellcome]]>
              </value>
            </param>
          </params>
          <reporter-output>
          </reporter-output>
        </test-method> <!-- passdata_test -->
        <test-method status="PASS" signature="teardown(org.testng.ITestResult)[pri:0, instance:com.kolhapur.testcases.FeedBackPageTest@6a024a67]" name="teardown" is-config="true" duration-ms="113" started-at="2022-01-03T16:31:20Z" finished-at="2022-01-03T16:31:20Z">
          <params>
            <param index="0">
              <value>
                <![CDATA[[TestResult name=passdata_test status=SUCCESS method=FeedBackPageTest.passdata_test(java.lang.String, java.lang.String, java.lang.String, java.lang.String)[pri:0, instance:com.kolhapur.testcases.FeedBackPageTest@6a024a67] output={null}]]]>
              </value>
            </param>
          </params>
          <reporter-output>
          </reporter-output>
        </test-method> <!-- teardown -->
      </class> <!-- com.kolhapur.testcases.FeedBackPageTest -->
    </test> <!-- Kolhapur Automation -->
  </suite> <!-- Kolhapur Automation Test Suite -->
</testng-results>
