<?xml version="1.0" encoding="UTF-8"?>
<testsuite xmlns:xsi="http://www.w3.org/2001/XMLSchema-instance" xsi:noNamespaceSchemaLocation="https://maven.apache.org/surefire/maven-surefire-plugin/xsd/surefire-test-report-3.0.xsd" version="3.0" name="TestSuite" time="422.964" tests="8" errors="0" skipped="0" failures="0">
  <properties>
[...]
</properties>
  <testcase name="verify_directory_link_test" classname="com.kolhapur.testcases.HomePageTest" time="5.494">
    <system-out><![CDATA[Before navigating to: 'https://kolhapur.gov.in/en/'
Navigated to:'https://kolhapur.gov.in/en/'
Trying to find Element By : By.xpath: //a[text()='Directory']
Found Element By : By.xpath: //a[text()='Directory']
Trying to click on: [[ChromeDriver: chrome on WINDOWS (1371c646ce61b795a90fdf37eecac471)] -> xpath: //a[text()='Directory']]
Clicked on: [[ChromeDriver: chrome on WINDOWS (1371c646ce61b795a90fdf37eecac471)] -> xpath: //a[text()='Directory']]
Directory | Kolhapur | India
]]></system-out>
    <system-err><![CDATA[Starting ChromeDriver 96.0.4664.45 (76e4c1bb2ab4671b8beba3444e61c0f17584b2fc-refs/branch-heads/4664@{#947}) on port 28200
Only local connections are allowed.
Please see https://chromedriver.chromium.org/security-considerations for suggestions on keeping ChromeDriver safe.
ChromeDriver was started successfully.
Dec 11, 2021 10:41:23 AM org.openqa.selenium.remote.ProtocolHandshake createSession
INFO: Detected dialect: W3C
]]></system-err>
  </testcase>
  <testcase name="verify_public_utilities_link_test" classname="com.kolhapur.testcases.HomePageTest" time="1.816">
    <system-out><![CDATA[Before navigating to: 'https://kolhapur.gov.in/en/'
Navigated to:'https://kolhapur.gov.in/en/'
Trying to find Element By : By.xpath: //a[text()='Directory']
Found Element By : By.xpath: //a[text()='Directory']
Trying to find Element By : By.xpath: //a[text()='Public Utilities']
Found Element By : By.xpath: //a[text()='Public Utilities']
Trying to click on: [[ChromeDriver: chrome on WINDOWS (da24b2e986212881af829056947f8d76)] -> xpath: //a[text()='Public Utilities']]
Clicked on: [[ChromeDriver: chrome on WINDOWS (da24b2e986212881af829056947f8d76)] -> xpath: //a[text()='Public Utilities']]
Public Utilities | Kolhapur | India
]]></system-out>
    <system-err><![CDATA[Starting ChromeDriver 96.0.4664.45 (76e4c1bb2ab4671b8beba3444e61c0f17584b2fc-refs/branch-heads/4664@{#947}) on port 24720
Only local connections are allowed.
Please see https://chromedriver.chromium.org/security-considerations for suggestions on keeping ChromeDriver safe.
ChromeDriver was started successfully.
Dec 11, 2021 10:41:48 AM org.openqa.selenium.remote.ProtocolHandshake createSession
INFO: Detected dialect: W3C
]]></system-err>
  </testcase>
  <testcase name="verify_howtosearch_link_test" classname="com.kolhapur.testcases.HomePageTest" time="2.964">
    <system-out><![CDATA[Before navigating to: 'https://kolhapur.gov.in/en/'
Navigated to:'https://kolhapur.gov.in/en/'
Trying to find Element By : By.xpath: //a[text()='Directory']
Found Element By : By.xpath: //a[text()='Directory']
Trying to find Element By : By.xpath: //a[text()='Public Utilities']
Found Element By : By.xpath: //a[text()='Public Utilities']
Trying to find Element By : By.xpath: //a[text()='How to Reach']
Found Element By : By.xpath: //a[text()='How to Reach']
Trying to click on: [[ChromeDriver: chrome on WINDOWS (40dec0dc4b3be73dad56598ba37e3783)] -> xpath: //a[text()='How to Reach']]
Clicked on: [[ChromeDriver: chrome on WINDOWS (40dec0dc4b3be73dad56598ba37e3783)] -> xpath: //a[text()='How to Reach']]
How to Reach | Kolhapur | India
]]></system-out>
    <system-err><![CDATA[Starting ChromeDriver 96.0.4664.45 (76e4c1bb2ab4671b8beba3444e61c0f17584b2fc-refs/branch-heads/4664@{#947}) on port 7580
Only local connections are allowed.
Please see https://chromedriver.chromium.org/security-considerations for suggestions on keeping ChromeDriver safe.
ChromeDriver was started successfully.
Dec 11, 2021 10:42:02 AM org.openqa.selenium.remote.ProtocolHandshake createSession
INFO: Detected dialect: W3C
]]></system-err>
  </testcase>
  <testcase name="verify_feedback_link_test" classname="com.kolhapur.testcases.HomePageTest" time="10.273">
    <system-out><![CDATA[Before navigating to: 'https://kolhapur.gov.in/en/'
Navigated to:'https://kolhapur.gov.in/en/'
Trying to find Element By : By.xpath: //a[text()='Feedback']
Found Element By : By.xpath: //a[text()='Feedback']
Trying to click on: [[ChromeDriver: chrome on WINDOWS (0fd3ffdaa1029dde47e15c54ff98dba2)] -> xpath: //a[text()='Feedback']]
Clicked on: [[ChromeDriver: chrome on WINDOWS (0fd3ffdaa1029dde47e15c54ff98dba2)] -> xpath: //a[text()='Feedback']]
]]></system-out>
    <system-err><![CDATA[Starting ChromeDriver 96.0.4664.45 (76e4c1bb2ab4671b8beba3444e61c0f17584b2fc-refs/branch-heads/4664@{#947}) on port 5104
Only local connections are allowed.
Please see https://chromedriver.chromium.org/security-considerations for suggestions on keeping ChromeDriver safe.
ChromeDriver was started successfully.
Dec 11, 2021 10:42:21 AM org.openqa.selenium.remote.ProtocolHandshake createSession
INFO: Detected dialect: W3C
]]></system-err>
  </testcase>
  <testcase name="verify_digital_india_logo_test" classname="com.kolhapur.testcases.HomePageTest" time="0.056">
    <system-out><![CDATA[Before navigating to: 'https://kolhapur.gov.in/en/'
Navigated to:'https://kolhapur.gov.in/en/'
Trying to find Element By : By.xpath: //img[@alt='Digital India']
Found Element By : By.xpath: //img[@alt='Digital India']
]]></system-out>
    <system-err><![CDATA[Starting ChromeDriver 96.0.4664.45 (76e4c1bb2ab4671b8beba3444e61c0f17584b2fc-refs/branch-heads/4664@{#947}) on port 22017
Only local connections are allowed.
Please see https://chromedriver.chromium.org/security-considerations for suggestions on keeping ChromeDriver safe.
ChromeDriver was started successfully.
Dec 11, 2021 10:43:42 AM org.openqa.selenium.remote.ProtocolHandshake createSession
INFO: Detected dialect: W3C
]]></system-err>
  </testcase>
  <testcase name="passdata_test[Ajay, ajay05@gmail.com, Math, hi](1)" classname="com.kolhapur.testcases.FeedBackPageTest" time="29.25">
    <system-out><![CDATA[Before navigating to: 'https://kolhapur.gov.in/en/'
Navigated to:'https://kolhapur.gov.in/en/'
Trying to find Element By : By.xpath: //a[text()='Feedback']
Found Element By : By.xpath: //a[text()='Feedback']
Trying to click on: [[ChromeDriver: chrome on WINDOWS (8f9599a6c841ec6c9d6417072eaf68bb)] -> xpath: //a[text()='Feedback']]
Clicked on: [[ChromeDriver: chrome on WINDOWS (8f9599a6c841ec6c9d6417072eaf68bb)] -> xpath: //a[text()='Feedback']]
Trying to find Element By : By.id: your-name
Found Element By : By.id: your-name
Trying to find Element By : By.id: your-email
Found Element By : By.id: your-email
Trying to find Element By : By.id: your-subject
Found Element By : By.id: your-subject
Trying to find Element By : By.id: your-message
Found Element By : By.id: your-message
]]></system-out>
    <system-err><![CDATA[Starting ChromeDriver 96.0.4664.45 (76e4c1bb2ab4671b8beba3444e61c0f17584b2fc-refs/branch-heads/4664@{#947}) on port 45399
Only local connections are allowed.
Please see https://chromedriver.chromium.org/security-considerations for suggestions on keeping ChromeDriver safe.
ChromeDriver was started successfully.
Dec 11, 2021 10:44:04 AM org.openqa.selenium.remote.ProtocolHandshake createSession
INFO: Detected dialect: W3C
]]></system-err>
  </testcase>
  <testcase name="passdata_test[Kiran, kirangodse@gmailcom, English, hello](2)" classname="com.kolhapur.testcases.FeedBackPageTest" time="51.152">
    <system-out><![CDATA[Before navigating to: 'https://kolhapur.gov.in/en/'
Navigated to:'https://kolhapur.gov.in/en/'
Trying to find Element By : By.xpath: //a[text()='Feedback']
Found Element By : By.xpath: //a[text()='Feedback']
Trying to click on: [[ChromeDriver: chrome on WINDOWS (489f2e02f49dd64bc1ca5c59ee898670)] -> xpath: //a[text()='Feedback']]
Clicked on: [[ChromeDriver: chrome on WINDOWS (489f2e02f49dd64bc1ca5c59ee898670)] -> xpath: //a[text()='Feedback']]
Trying to find Element By : By.id: your-name
Found Element By : By.id: your-name
Trying to find Element By : By.id: your-email
Found Element By : By.id: your-email
Trying to find Element By : By.id: your-subject
Found Element By : By.id: your-subject
Trying to find Element By : By.id: your-message
Found Element By : By.id: your-message
]]></system-out>
    <system-err><![CDATA[Starting ChromeDriver 96.0.4664.45 (76e4c1bb2ab4671b8beba3444e61c0f17584b2fc-refs/branch-heads/4664@{#947}) on port 22717
Only local connections are allowed.
Please see https://chromedriver.chromium.org/security-considerations for suggestions on keeping ChromeDriver safe.
ChromeDriver was started successfully.
Dec 11, 2021 10:45:22 AM org.openqa.selenium.remote.ProtocolHandshake createSession
INFO: Detected dialect: W3C
]]></system-err>
  </testcase>
  <testcase name="passdata_test[Shyam, shyamantarkar@yahoo.com, Bio, wellcome](3)" classname="com.kolhapur.testcases.FeedBackPageTest" time="9.077">
    <system-out><![CDATA[Before navigating to: 'https://kolhapur.gov.in/en/'
Navigated to:'https://kolhapur.gov.in/en/'
Trying to find Element By : By.xpath: //a[text()='Feedback']
Found Element By : By.xpath: //a[text()='Feedback']
Trying to click on: [[ChromeDriver: chrome on WINDOWS (4848ec0d66876797167f24849b9a8d2e)] -> xpath: //a[text()='Feedback']]
Clicked on: [[ChromeDriver: chrome on WINDOWS (4848ec0d66876797167f24849b9a8d2e)] -> xpath: //a[text()='Feedback']]
Trying to find Element By : By.id: your-name
Found Element By : By.id: your-name
Trying to find Element By : By.id: your-email
Found Element By : By.id: your-email
Trying to find Element By : By.id: your-subject
Found Element By : By.id: your-subject
Trying to find Element By : By.id: your-message
Found Element By : By.id: your-message
]]></system-out>
    <system-err><![CDATA[Starting ChromeDriver 96.0.4664.45 (76e4c1bb2ab4671b8beba3444e61c0f17584b2fc-refs/branch-heads/4664@{#947}) on port 41794
Only local connections are allowed.
Please see https://chromedriver.chromium.org/security-considerations for suggestions on keeping ChromeDriver safe.
ChromeDriver was started successfully.
Dec 11, 2021 10:47:20 AM org.openqa.selenium.remote.ProtocolHandshake createSession
INFO: Detected dialect: W3C
]]></system-err>
  </testcase>
</testsuite>