<?xml version="1.0" encoding="UTF-8"?>
<testng-results skipped="0" failed="0" total="3" passed="3">
  <reporter-output>
  </reporter-output>
  <suite name="Kolhapur Automation Test Suite" duration-ms="66451" started-at="2021-12-10T16:43:41Z" finished-at="2021-12-10T16:44:47Z">
    <groups>
    </groups>
    <test name="Kolhapur Automation" duration-ms="66451" started-at="2021-12-10T16:43:41Z" finished-at="2021-12-10T16:44:47Z">
      <class name="com.kolhapur.testcases.HomePageTest">
        <test-method status="PASS" signature="setup()[pri:0, instance:com.kolhapur.testcases.HomePageTest@5c7fa833]" name="setup" is-config="true" duration-ms="13996" started-at="2021-12-10T22:13:41Z" finished-at="2021-12-10T22:13:55Z">
          <reporter-output>
          </reporter-output>
        </test-method> <!-- setup -->
        <test-method status="PASS" signature="verify_directory_link_test()[pri:0, instance:com.kolhapur.testcases.HomePageTest@5c7fa833]" name="verify_directory_link_test" duration-ms="5788" started-at="2021-12-10T22:13:55Z" finished-at="2021-12-10T22:14:00Z">
          <reporter-output>
          </reporter-output>
        </test-method> <!-- verify_directory_link_test -->
        <test-method status="PASS" signature="teardown(org.testng.ITestResult)[pri:0, instance:com.kolhapur.testcases.HomePageTest@5c7fa833]" name="teardown" is-config="true" duration-ms="98" started-at="2021-12-10T22:14:00Z" finished-at="2021-12-10T22:14:00Z">
          <params>
            <param index="0">
              <value>
                <![CDATA[[TestResult name=verify_directory_link_test status=SUCCESS method=HomePageTest.verify_directory_link_test()[pri:0, instance:com.kolhapur.testcases.HomePageTest@5c7fa833] output={null}]]]>
              </value>
            </param>
          </params>
          <reporter-output>
          </reporter-output>
        </test-method> <!-- teardown -->
        <test-method status="PASS" signature="setup()[pri:0, instance:com.kolhapur.testcases.HomePageTest@5c7fa833]" name="setup" is-config="true" duration-ms="17527" started-at="2021-12-10T22:14:00Z" finished-at="2021-12-10T22:14:18Z">
          <reporter-output>
          </reporter-output>
        </test-method> <!-- setup -->
        <test-method status="PASS" signature="verify_publicutilities_link_test()[pri:0, instance:com.kolhapur.testcases.HomePageTest@5c7fa833]" name="verify_publicutilities_link_test" duration-ms="3484" started-at="2021-12-10T22:14:18Z" finished-at="2021-12-10T22:14:21Z">
          <reporter-output>
          </reporter-output>
        </test-method> <!-- verify_publicutilities_link_test -->
        <test-method status="PASS" signature="teardown(org.testng.ITestResult)[pri:0, instance:com.kolhapur.testcases.HomePageTest@5c7fa833]" name="teardown" is-config="true" duration-ms="75" started-at="2021-12-10T22:14:21Z" finished-at="2021-12-10T22:14:22Z">
          <params>
            <param index="0">
              <value>
                <![CDATA[[TestResult name=verify_publicutilities_link_test status=SUCCESS method=HomePageTest.verify_publicutilities_link_test()[pri:0, instance:com.kolhapur.testcases.HomePageTest@5c7fa833] output={null}]]]>
              </value>
            </param>
          </params>
          <reporter-output>
          </reporter-output>
        </test-method> <!-- teardown -->
        <test-method status="PASS" signature="setup()[pri:0, instance:com.kolhapur.testcases.HomePageTest@5c7fa833]" name="setup" is-config="true" duration-ms="18880" started-at="2021-12-10T22:14:22Z" finished-at="2021-12-10T22:14:40Z">
          <reporter-output>
          </reporter-output>
        </test-method> <!-- setup -->
        <test-method status="PASS" signature="verify_howtosearch_link_test()[pri:0, instance:com.kolhapur.testcases.HomePageTest@5c7fa833]" name="verify_howtosearch_link_test" duration-ms="6475" started-at="2021-12-10T22:14:40Z" finished-at="2021-12-10T22:14:47Z">
          <reporter-output>
          </reporter-output>
        </test-method> <!-- verify_howtosearch_link_test -->
        <test-method status="PASS" signature="teardown(org.testng.ITestResult)[pri:0, instance:com.kolhapur.testcases.HomePageTest@5c7fa833]" name="teardown" is-config="true" duration-ms="113" started-at="2021-12-10T22:14:47Z" finished-at="2021-12-10T22:14:47Z">
          <params>
            <param index="0">
              <value>
                <![CDATA[[TestResult name=verify_howtosearch_link_test status=SUCCESS method=HomePageTest.verify_howtosearch_link_test()[pri:0, instance:com.kolhapur.testcases.HomePageTest@5c7fa833] output={null}]]]>
              </value>
            </param>
          </params>
          <reporter-output>
          </reporter-output>
        </test-method> <!-- teardown -->
      </class> <!-- com.kolhapur.testcases.HomePageTest -->
    </test> <!-- Kolhapur Automation -->
  </suite> <!-- Kolhapur Automation Test Suite -->
</testng-results>
