<?xml version="1.0" encoding="UTF-8"?>
<testng-results skipped="0" failed="0" total="3" passed="3">
  <reporter-output>
  </reporter-output>
  <suite name="Kolhapur Automation Test Suite" duration-ms="27726" started-at="2021-12-10T14:35:07Z" finished-at="2021-12-10T14:35:35Z">
    <groups>
    </groups>
    <test name="Kolhapur Automation" duration-ms="27726" started-at="2021-12-10T14:35:07Z" finished-at="2021-12-10T14:35:35Z">
      <class name="com.kolhapur.testcases.HomePageTest">
        <test-method status="PASS" signature="setup()[pri:0, instance:com.kolhapur.testcases.HomePageTest@1593948d]" name="setup" is-config="true" duration-ms="8519" started-at="2021-12-10T20:05:07Z" finished-at="2021-12-10T20:05:16Z">
          <reporter-output>
          </reporter-output>
        </test-method> <!-- setup -->
        <test-method status="PASS" signature="verify_directory_link_test()[pri:0, instance:com.kolhapur.testcases.HomePageTest@1593948d]" name="verify_directory_link_test" duration-ms="3144" started-at="2021-12-10T20:05:16Z" finished-at="2021-12-10T20:05:19Z">
          <reporter-output>
          </reporter-output>
        </test-method> <!-- verify_directory_link_test -->
        <test-method status="PASS" signature="teardown()[pri:0, instance:com.kolhapur.testcases.HomePageTest@1593948d]" name="teardown" is-config="true" duration-ms="85" started-at="2021-12-10T20:05:19Z" finished-at="2021-12-10T20:05:19Z">
          <reporter-output>
          </reporter-output>
        </test-method> <!-- teardown -->
        <test-method status="PASS" signature="setup()[pri:0, instance:com.kolhapur.testcases.HomePageTest@1593948d]" name="setup" is-config="true" duration-ms="5050" started-at="2021-12-10T20:05:19Z" finished-at="2021-12-10T20:05:24Z">
          <reporter-output>
          </reporter-output>
        </test-method> <!-- setup -->
        <test-method status="PASS" signature="verify_publicutilities_link_test()[pri:0, instance:com.kolhapur.testcases.HomePageTest@1593948d]" name="verify_publicutilities_link_test" duration-ms="2117" started-at="2021-12-10T20:05:24Z" finished-at="2021-12-10T20:05:26Z">
          <reporter-output>
          </reporter-output>
        </test-method> <!-- verify_publicutilities_link_test -->
        <test-method status="PASS" signature="teardown()[pri:0, instance:com.kolhapur.testcases.HomePageTest@1593948d]" name="teardown" is-config="true" duration-ms="72" started-at="2021-12-10T20:05:26Z" finished-at="2021-12-10T20:05:26Z">
          <reporter-output>
          </reporter-output>
        </test-method> <!-- teardown -->
        <test-method status="PASS" signature="setup()[pri:0, instance:com.kolhapur.testcases.HomePageTest@1593948d]" name="setup" is-config="true" duration-ms="6628" started-at="2021-12-10T20:05:26Z" finished-at="2021-12-10T20:05:33Z">
          <reporter-output>
          </reporter-output>
        </test-method> <!-- setup -->
        <test-method status="PASS" signature="verify_howtosearch_link_test()[pri:0, instance:com.kolhapur.testcases.HomePageTest@1593948d]" name="verify_howtosearch_link_test" duration-ms="2029" started-at="2021-12-10T20:05:33Z" finished-at="2021-12-10T20:05:35Z">
          <reporter-output>
          </reporter-output>
        </test-method> <!-- verify_howtosearch_link_test -->
        <test-method status="PASS" signature="teardown()[pri:0, instance:com.kolhapur.testcases.HomePageTest@1593948d]" name="teardown" is-config="true" duration-ms="69" started-at="2021-12-10T20:05:35Z" finished-at="2021-12-10T20:05:35Z">
          <reporter-output>
          </reporter-output>
        </test-method> <!-- teardown -->
      </class> <!-- com.kolhapur.testcases.HomePageTest -->
    </test> <!-- Kolhapur Automation -->
  </suite> <!-- Kolhapur Automation Test Suite -->
</testng-results>
