<?xml version="1.0" encoding="UTF-8"?>
<!-- Generated by org.testng.reporters.JUnitXMLReporter -->
<testsuite hostname="DESKTOP-G59H6AO" name="Kolhapur Automation" tests="3" failures="0" timestamp="10 Dec 2021 14:35:35 GMT" time="27.726" errors="0">
  <testcase name="verify_directory_link_test" time="3.144" classname="com.kolhapur.testcases.HomePageTest"/>
  <testcase name="verify_publicutilities_link_test" time="2.117" classname="com.kolhapur.testcases.HomePageTest"/>
  <testcase name="verify_howtosearch_link_test" time="2.029" classname="com.kolhapur.testcases.HomePageTest"/>
</testsuite> <!-- Kolhapur Automation -->
