<?xml version="1.0" encoding="UTF-8"?>
<!-- Generated by org.testng.reporters.JUnitXMLReporter -->
<testsuite hostname="DESKTOP-G59H6AO" name="Kolhapur Automation" tests="8" failures="0" timestamp="11 Dec 2021 04:51:02 GMT" time="276.512" errors="0">
  <testcase name="verify_directory_link_test" time="5.148" classname="com.kolhapur.testcases.HomePageTest"/>
  <testcase name="verify_publicutilities_link_test" time="1.997" classname="com.kolhapur.testcases.HomePageTest"/>
  <testcase name="verify_howtosearch_link_test" time="1.701" classname="com.kolhapur.testcases.HomePageTest"/>
  <testcase name="verify_feedback_link_test" time="1.554" classname="com.kolhapur.testcases.HomePageTest"/>
  <testcase name="verify_digital_india_logo_test" time="0.131" classname="com.kolhapur.testcases.HomePageTest"/>
  <testcase name="passdata_test" time="2.527" classname="com.kolhapur.testcases.FeedBackPageTest"/>
  <testcase name="passdata_test" time="12.226" classname="com.kolhapur.testcases.FeedBackPageTest"/>
  <testcase name="passdata_test" time="12.072" classname="com.kolhapur.testcases.FeedBackPageTest"/>
</testsuite> <!-- Kolhapur Automation -->
